[0.056s] Invoking command in '/home/joho/Documents/RoboticsAndROS2-LearnByDoingManipulators/build/arduinobot_cpp_examples': CMAKE_PREFIX_PATH=${CMAKE_PREFIX_PATH}:/home/joho/Documents/RoboticsAndROS2-LearnByDoingManipulators/arduinobot_ws/install/arduinobot_py_examples:/opt/ros/humble /usr/bin/cmake --build /home/joho/Documents/RoboticsAndROS2-LearnByDoingManipulators/build/arduinobot_cpp_examples -- -j4 -l4
[0.154s] [35m[1mConsolidate compiler generated dependencies of target simple_publisher[0m
[0.170s] [35m[1mConsolidate compiler generated dependencies of target simple_subscriber[0m
[0.199s] [ 50%] Built target simple_publisher
[0.219s] [100%] Built target simple_subscriber
[0.813s] Invoked command in '/home/joho/Documents/RoboticsAndROS2-LearnByDoingManipulators/build/arduinobot_cpp_examples' returned '0': CMAKE_PREFIX_PATH=${CMAKE_PREFIX_PATH}:/home/joho/Documents/RoboticsAndROS2-LearnByDoingManipulators/arduinobot_ws/install/arduinobot_py_examples:/opt/ros/humble /usr/bin/cmake --build /home/joho/Documents/RoboticsAndROS2-LearnByDoingManipulators/build/arduinobot_cpp_examples -- -j4 -l4
[0.820s] Invoking command in '/home/joho/Documents/RoboticsAndROS2-LearnByDoingManipulators/build/arduinobot_cpp_examples': CMAKE_PREFIX_PATH=${CMAKE_PREFIX_PATH}:/home/joho/Documents/RoboticsAndROS2-LearnByDoingManipulators/arduinobot_ws/install/arduinobot_py_examples:/opt/ros/humble /usr/bin/cmake --install /home/joho/Documents/RoboticsAndROS2-LearnByDoingManipulators/build/arduinobot_cpp_examples
[0.841s] -- Install configuration: ""
[0.841s] -- Up-to-date: /home/joho/Documents/RoboticsAndROS2-LearnByDoingManipulators/install/arduinobot_cpp_examples/lib/arduinobot_cpp_examples/simple_publisher
[0.841s] -- Up-to-date: /home/joho/Documents/RoboticsAndROS2-LearnByDoingManipulators/install/arduinobot_cpp_examples/lib/arduinobot_cpp_examples/simple_subscriber
[0.842s] -- Up-to-date: /home/joho/Documents/RoboticsAndROS2-LearnByDoingManipulators/install/arduinobot_cpp_examples/share/ament_index/resource_index/package_run_dependencies/arduinobot_cpp_examples
[0.843s] -- Up-to-date: /home/joho/Documents/RoboticsAndROS2-LearnByDoingManipulators/install/arduinobot_cpp_examples/share/ament_index/resource_index/parent_prefix_path/arduinobot_cpp_examples
[0.843s] -- Up-to-date: /home/joho/Documents/RoboticsAndROS2-LearnByDoingManipulators/install/arduinobot_cpp_examples/share/arduinobot_cpp_examples/environment/ament_prefix_path.sh
[0.843s] -- Up-to-date: /home/joho/Documents/RoboticsAndROS2-LearnByDoingManipulators/install/arduinobot_cpp_examples/share/arduinobot_cpp_examples/environment/ament_prefix_path.dsv
[0.844s] -- Up-to-date: /home/joho/Documents/RoboticsAndROS2-LearnByDoingManipulators/install/arduinobot_cpp_examples/share/arduinobot_cpp_examples/environment/path.sh
[0.847s] -- Up-to-date: /home/joho/Documents/RoboticsAndROS2-LearnByDoingManipulators/install/arduinobot_cpp_examples/share/arduinobot_cpp_examples/environment/path.dsv
[0.848s] -- Up-to-date: /home/joho/Documents/RoboticsAndROS2-LearnByDoingManipulators/install/arduinobot_cpp_examples/share/arduinobot_cpp_examples/local_setup.bash
[0.848s] -- Up-to-date: /home/joho/Documents/RoboticsAndROS2-LearnByDoingManipulators/install/arduinobot_cpp_examples/share/arduinobot_cpp_examples/local_setup.sh
[0.848s] -- Up-to-date: /home/joho/Documents/RoboticsAndROS2-LearnByDoingManipulators/install/arduinobot_cpp_examples/share/arduinobot_cpp_examples/local_setup.zsh
[0.849s] -- Up-to-date: /home/joho/Documents/RoboticsAndROS2-LearnByDoingManipulators/install/arduinobot_cpp_examples/share/arduinobot_cpp_examples/local_setup.dsv
[0.849s] -- Installing: /home/joho/Documents/RoboticsAndROS2-LearnByDoingManipulators/install/arduinobot_cpp_examples/share/arduinobot_cpp_examples/package.dsv
[0.849s] -- Up-to-date: /home/joho/Documents/RoboticsAndROS2-LearnByDoingManipulators/install/arduinobot_cpp_examples/share/ament_index/resource_index/packages/arduinobot_cpp_examples
[0.849s] -- Up-to-date: /home/joho/Documents/RoboticsAndROS2-LearnByDoingManipulators/install/arduinobot_cpp_examples/share/arduinobot_cpp_examples/cmake/arduinobot_cpp_examplesConfig.cmake
[0.850s] -- Up-to-date: /home/joho/Documents/RoboticsAndROS2-LearnByDoingManipulators/install/arduinobot_cpp_examples/share/arduinobot_cpp_examples/cmake/arduinobot_cpp_examplesConfig-version.cmake
[0.850s] -- Up-to-date: /home/joho/Documents/RoboticsAndROS2-LearnByDoingManipulators/install/arduinobot_cpp_examples/share/arduinobot_cpp_examples/package.xml
[0.891s] Invoked command in '/home/joho/Documents/RoboticsAndROS2-LearnByDoingManipulators/build/arduinobot_cpp_examples' returned '0': CMAKE_PREFIX_PATH=${CMAKE_PREFIX_PATH}:/home/joho/Documents/RoboticsAndROS2-LearnByDoingManipulators/arduinobot_ws/install/arduinobot_py_examples:/opt/ros/humble /usr/bin/cmake --install /home/joho/Documents/RoboticsAndROS2-LearnByDoingManipulators/build/arduinobot_cpp_examples
