[0.267s] DEBUG:colcon:Command line arguments: ['/usr/bin/colcon', 'build']
[0.267s] DEBUG:colcon:Parsed command line arguments: Namespace(log_base=None, log_level=None, verb_name='build', build_base='build', install_base='install', merge_install=False, symlink_install=False, test_result_base=None, continue_on_error=False, executor='parallel', parallel_workers=4, event_handlers=None, ignore_user_meta=False, metas=['./colcon.meta'], base_paths=['.'], packages_ignore=None, packages_ignore_regex=None, paths=None, packages_up_to=None, packages_up_to_regex=None, packages_above=None, packages_above_and_dependencies=None, packages_above_depth=None, packages_select_by_dep=None, packages_skip_by_dep=None, packages_skip_up_to=None, packages_select_build_failed=False, packages_skip_build_finished=False, packages_select_test_failures=False, packages_skip_test_passed=False, packages_select=None, packages_skip=None, packages_select_regex=None, packages_skip_regex=None, packages_start=None, packages_end=None, allow_overriding=[], cmake_args=None, cmake_target=None, cmake_target_skip_unavailable=False, cmake_clean_cache=False, cmake_clean_first=False, cmake_force_configure=False, ament_cmake_args=None, catkin_cmake_args=None, catkin_skip_building_tests=False, mixin_files=None, mixin=None, verb_parser=<colcon_mixin.mixin.mixin_argument.MixinArgumentDecorator object at 0x7d40e2356530>, verb_extension=<colcon_core.verb.build.BuildVerb object at 0x7d40e24d7b80>, main=<bound method BuildVerb.main of <colcon_core.verb.build.BuildVerb object at 0x7d40e24d7b80>>, mixin_verb=('build',))
[0.724s] Level 1:colcon.colcon_core.package_discovery:discover_packages(colcon_meta) check parameters
[0.724s] Level 1:colcon.colcon_core.package_discovery:discover_packages(recursive) check parameters
[0.724s] Level 1:colcon.colcon_core.package_discovery:discover_packages(ignore) check parameters
[0.724s] Level 1:colcon.colcon_core.package_discovery:discover_packages(path) check parameters
[0.724s] Level 1:colcon.colcon_core.package_discovery:discover_packages(colcon_meta) discover
[0.725s] Level 1:colcon.colcon_core.package_discovery:discover_packages(recursive) discover
[0.725s] INFO:colcon.colcon_core.package_discovery:Crawling recursively for packages in '/home/joho/Documents/RoboticsAndROS2-LearnByDoingManipulators'
[0.725s] Level 1:colcon.colcon_core.package_identification:_identify(.) by extensions ['ignore', 'ignore_ament_install']
[0.725s] Level 1:colcon.colcon_core.package_identification:_identify(.) by extension 'ignore'
[0.725s] Level 1:colcon.colcon_core.package_identification:_identify(.) by extension 'ignore_ament_install'
[0.726s] Level 1:colcon.colcon_core.package_identification:_identify(.) by extensions ['colcon_pkg']
[0.726s] Level 1:colcon.colcon_core.package_identification:_identify(.) by extension 'colcon_pkg'
[0.726s] Level 1:colcon.colcon_core.package_identification:_identify(.) by extensions ['colcon_meta']
[0.726s] Level 1:colcon.colcon_core.package_identification:_identify(.) by extension 'colcon_meta'
[0.726s] Level 1:colcon.colcon_core.package_identification:_identify(.) by extensions ['ros']
[0.726s] Level 1:colcon.colcon_core.package_identification:_identify(.) by extension 'ros'
[0.753s] Level 1:colcon.colcon_core.package_identification:_identify(.) by extensions ['cmake', 'python']
[0.753s] Level 1:colcon.colcon_core.package_identification:_identify(.) by extension 'cmake'
[0.753s] Level 1:colcon.colcon_core.package_identification:_identify(.) by extension 'python'
[0.753s] Level 1:colcon.colcon_core.package_identification:_identify(.) by extensions ['python_setup_py']
[0.753s] Level 1:colcon.colcon_core.package_identification:_identify(.) by extension 'python_setup_py'
[0.754s] Level 1:colcon.colcon_core.package_identification:_identify(Setup) by extensions ['ignore', 'ignore_ament_install']
[0.754s] Level 1:colcon.colcon_core.package_identification:_identify(Setup) by extension 'ignore'
[0.754s] Level 1:colcon.colcon_core.package_identification:_identify(Setup) by extension 'ignore_ament_install'
[0.754s] Level 1:colcon.colcon_core.package_identification:_identify(Setup) by extensions ['colcon_pkg']
[0.754s] Level 1:colcon.colcon_core.package_identification:_identify(Setup) by extension 'colcon_pkg'
[0.754s] Level 1:colcon.colcon_core.package_identification:_identify(Setup) by extensions ['colcon_meta']
[0.754s] Level 1:colcon.colcon_core.package_identification:_identify(Setup) by extension 'colcon_meta'
[0.755s] Level 1:colcon.colcon_core.package_identification:_identify(Setup) by extensions ['ros']
[0.755s] Level 1:colcon.colcon_core.package_identification:_identify(Setup) by extension 'ros'
[0.755s] Level 1:colcon.colcon_core.package_identification:_identify(Setup) by extensions ['cmake', 'python']
[0.755s] Level 1:colcon.colcon_core.package_identification:_identify(Setup) by extension 'cmake'
[0.755s] Level 1:colcon.colcon_core.package_identification:_identify(Setup) by extension 'python'
[0.755s] Level 1:colcon.colcon_core.package_identification:_identify(Setup) by extensions ['python_setup_py']
[0.755s] Level 1:colcon.colcon_core.package_identification:_identify(Setup) by extension 'python_setup_py'
[0.755s] Level 1:colcon.colcon_core.package_identification:_identify(arduinobot_ws) by extensions ['ignore', 'ignore_ament_install']
[0.756s] Level 1:colcon.colcon_core.package_identification:_identify(arduinobot_ws) by extension 'ignore'
[0.756s] Level 1:colcon.colcon_core.package_identification:_identify(arduinobot_ws) by extension 'ignore_ament_install'
[0.756s] Level 1:colcon.colcon_core.package_identification:_identify(arduinobot_ws) by extensions ['colcon_pkg']
[0.756s] Level 1:colcon.colcon_core.package_identification:_identify(arduinobot_ws) by extension 'colcon_pkg'
[0.756s] Level 1:colcon.colcon_core.package_identification:_identify(arduinobot_ws) by extensions ['colcon_meta']
[0.756s] Level 1:colcon.colcon_core.package_identification:_identify(arduinobot_ws) by extension 'colcon_meta'
[0.756s] Level 1:colcon.colcon_core.package_identification:_identify(arduinobot_ws) by extensions ['ros']
[0.756s] Level 1:colcon.colcon_core.package_identification:_identify(arduinobot_ws) by extension 'ros'
[0.756s] Level 1:colcon.colcon_core.package_identification:_identify(arduinobot_ws) by extensions ['cmake', 'python']
[0.756s] Level 1:colcon.colcon_core.package_identification:_identify(arduinobot_ws) by extension 'cmake'
[0.757s] Level 1:colcon.colcon_core.package_identification:_identify(arduinobot_ws) by extension 'python'
[0.757s] Level 1:colcon.colcon_core.package_identification:_identify(arduinobot_ws) by extensions ['python_setup_py']
[0.757s] Level 1:colcon.colcon_core.package_identification:_identify(arduinobot_ws) by extension 'python_setup_py'
[0.757s] Level 1:colcon.colcon_core.package_identification:_identify(arduinobot_ws/build) by extensions ['ignore', 'ignore_ament_install']
[0.757s] Level 1:colcon.colcon_core.package_identification:_identify(arduinobot_ws/build) by extension 'ignore'
[0.757s] Level 1:colcon.colcon_core.package_identification:_identify(arduinobot_ws/build) ignored
[0.757s] Level 1:colcon.colcon_core.package_identification:_identify(arduinobot_ws/install) by extensions ['ignore', 'ignore_ament_install']
[0.758s] Level 1:colcon.colcon_core.package_identification:_identify(arduinobot_ws/install) by extension 'ignore'
[0.758s] Level 1:colcon.colcon_core.package_identification:_identify(arduinobot_ws/install) ignored
[0.758s] Level 1:colcon.colcon_core.package_identification:_identify(arduinobot_ws/log) by extensions ['ignore', 'ignore_ament_install']
[0.758s] Level 1:colcon.colcon_core.package_identification:_identify(arduinobot_ws/log) by extension 'ignore'
[0.758s] Level 1:colcon.colcon_core.package_identification:_identify(arduinobot_ws/log) ignored
[0.758s] Level 1:colcon.colcon_core.package_identification:_identify(arduinobot_ws/src) by extensions ['ignore', 'ignore_ament_install']
[0.759s] Level 1:colcon.colcon_core.package_identification:_identify(arduinobot_ws/src) by extension 'ignore'
[0.759s] Level 1:colcon.colcon_core.package_identification:_identify(arduinobot_ws/src) by extension 'ignore_ament_install'
[0.759s] Level 1:colcon.colcon_core.package_identification:_identify(arduinobot_ws/src) by extensions ['colcon_pkg']
[0.759s] Level 1:colcon.colcon_core.package_identification:_identify(arduinobot_ws/src) by extension 'colcon_pkg'
[0.759s] Level 1:colcon.colcon_core.package_identification:_identify(arduinobot_ws/src) by extensions ['colcon_meta']
[0.759s] Level 1:colcon.colcon_core.package_identification:_identify(arduinobot_ws/src) by extension 'colcon_meta'
[0.759s] Level 1:colcon.colcon_core.package_identification:_identify(arduinobot_ws/src) by extensions ['ros']
[0.759s] Level 1:colcon.colcon_core.package_identification:_identify(arduinobot_ws/src) by extension 'ros'
[0.759s] Level 1:colcon.colcon_core.package_identification:_identify(arduinobot_ws/src) by extensions ['cmake', 'python']
[0.759s] Level 1:colcon.colcon_core.package_identification:_identify(arduinobot_ws/src) by extension 'cmake'
[0.760s] Level 1:colcon.colcon_core.package_identification:_identify(arduinobot_ws/src) by extension 'python'
[0.760s] Level 1:colcon.colcon_core.package_identification:_identify(arduinobot_ws/src) by extensions ['python_setup_py']
[0.760s] Level 1:colcon.colcon_core.package_identification:_identify(arduinobot_ws/src) by extension 'python_setup_py'
[0.760s] Level 1:colcon.colcon_core.package_identification:_identify(arduinobot_ws/src/arduinobot_cpp_examples) by extensions ['ignore', 'ignore_ament_install']
[0.760s] Level 1:colcon.colcon_core.package_identification:_identify(arduinobot_ws/src/arduinobot_cpp_examples) by extension 'ignore'
[0.760s] Level 1:colcon.colcon_core.package_identification:_identify(arduinobot_ws/src/arduinobot_cpp_examples) by extension 'ignore_ament_install'
[0.760s] Level 1:colcon.colcon_core.package_identification:_identify(arduinobot_ws/src/arduinobot_cpp_examples) by extensions ['colcon_pkg']
[0.760s] Level 1:colcon.colcon_core.package_identification:_identify(arduinobot_ws/src/arduinobot_cpp_examples) by extension 'colcon_pkg'
[0.761s] Level 1:colcon.colcon_core.package_identification:_identify(arduinobot_ws/src/arduinobot_cpp_examples) by extensions ['colcon_meta']
[0.761s] Level 1:colcon.colcon_core.package_identification:_identify(arduinobot_ws/src/arduinobot_cpp_examples) by extension 'colcon_meta'
[0.761s] Level 1:colcon.colcon_core.package_identification:_identify(arduinobot_ws/src/arduinobot_cpp_examples) by extensions ['ros']
[0.761s] Level 1:colcon.colcon_core.package_identification:_identify(arduinobot_ws/src/arduinobot_cpp_examples) by extension 'ros'
[0.766s] DEBUG:colcon.colcon_core.package_identification:Package 'arduinobot_ws/src/arduinobot_cpp_examples' with type 'ros.ament_cmake' and name 'arduinobot_cpp_examples'
[0.767s] Level 1:colcon.colcon_core.package_identification:_identify(arduinobot_ws/src/arduinobot_description) by extensions ['ignore', 'ignore_ament_install']
[0.767s] Level 1:colcon.colcon_core.package_identification:_identify(arduinobot_ws/src/arduinobot_description) by extension 'ignore'
[0.767s] Level 1:colcon.colcon_core.package_identification:_identify(arduinobot_ws/src/arduinobot_description) by extension 'ignore_ament_install'
[0.767s] Level 1:colcon.colcon_core.package_identification:_identify(arduinobot_ws/src/arduinobot_description) by extensions ['colcon_pkg']
[0.767s] Level 1:colcon.colcon_core.package_identification:_identify(arduinobot_ws/src/arduinobot_description) by extension 'colcon_pkg'
[0.767s] Level 1:colcon.colcon_core.package_identification:_identify(arduinobot_ws/src/arduinobot_description) by extensions ['colcon_meta']
[0.767s] Level 1:colcon.colcon_core.package_identification:_identify(arduinobot_ws/src/arduinobot_description) by extension 'colcon_meta'
[0.768s] Level 1:colcon.colcon_core.package_identification:_identify(arduinobot_ws/src/arduinobot_description) by extensions ['ros']
[0.768s] Level 1:colcon.colcon_core.package_identification:_identify(arduinobot_ws/src/arduinobot_description) by extension 'ros'
[0.769s] DEBUG:colcon.colcon_core.package_identification:Package 'arduinobot_ws/src/arduinobot_description' with type 'ros.ament_cmake' and name 'arduinobot_description'
[0.769s] Level 1:colcon.colcon_core.package_identification:_identify(arduinobot_ws/src/arduinobot_py_examples) by extensions ['ignore', 'ignore_ament_install']
[0.769s] Level 1:colcon.colcon_core.package_identification:_identify(arduinobot_ws/src/arduinobot_py_examples) by extension 'ignore'
[0.770s] Level 1:colcon.colcon_core.package_identification:_identify(arduinobot_ws/src/arduinobot_py_examples) by extension 'ignore_ament_install'
[0.770s] Level 1:colcon.colcon_core.package_identification:_identify(arduinobot_ws/src/arduinobot_py_examples) by extensions ['colcon_pkg']
[0.770s] Level 1:colcon.colcon_core.package_identification:_identify(arduinobot_ws/src/arduinobot_py_examples) by extension 'colcon_pkg'
[0.770s] Level 1:colcon.colcon_core.package_identification:_identify(arduinobot_ws/src/arduinobot_py_examples) by extensions ['colcon_meta']
[0.770s] Level 1:colcon.colcon_core.package_identification:_identify(arduinobot_ws/src/arduinobot_py_examples) by extension 'colcon_meta'
[0.770s] Level 1:colcon.colcon_core.package_identification:_identify(arduinobot_ws/src/arduinobot_py_examples) by extensions ['ros']
[0.770s] Level 1:colcon.colcon_core.package_identification:_identify(arduinobot_ws/src/arduinobot_py_examples) by extension 'ros'
[0.772s] DEBUG:colcon.colcon_core.package_identification:Package 'arduinobot_ws/src/arduinobot_py_examples' with type 'ros.ament_python' and name 'arduinobot_py_examples'
[0.772s] Level 1:colcon.colcon_core.package_identification:_identify(build) by extensions ['ignore', 'ignore_ament_install']
[0.772s] Level 1:colcon.colcon_core.package_identification:_identify(build) by extension 'ignore'
[0.772s] Level 1:colcon.colcon_core.package_identification:_identify(build) ignored
[0.773s] Level 1:colcon.colcon_core.package_identification:_identify(install) by extensions ['ignore', 'ignore_ament_install']
[0.773s] Level 1:colcon.colcon_core.package_identification:_identify(install) by extension 'ignore'
[0.773s] Level 1:colcon.colcon_core.package_identification:_identify(install) ignored
[0.773s] Level 1:colcon.colcon_core.package_identification:_identify(log) by extensions ['ignore', 'ignore_ament_install']
[0.773s] Level 1:colcon.colcon_core.package_identification:_identify(log) by extension 'ignore'
[0.773s] Level 1:colcon.colcon_core.package_identification:_identify(log) ignored
[0.774s] Level 1:colcon.colcon_core.package_identification:_identify(notasDeClase) by extensions ['ignore', 'ignore_ament_install']
[0.774s] Level 1:colcon.colcon_core.package_identification:_identify(notasDeClase) by extension 'ignore'
[0.774s] Level 1:colcon.colcon_core.package_identification:_identify(notasDeClase) by extension 'ignore_ament_install'
[0.774s] Level 1:colcon.colcon_core.package_identification:_identify(notasDeClase) by extensions ['colcon_pkg']
[0.774s] Level 1:colcon.colcon_core.package_identification:_identify(notasDeClase) by extension 'colcon_pkg'
[0.774s] Level 1:colcon.colcon_core.package_identification:_identify(notasDeClase) by extensions ['colcon_meta']
[0.774s] Level 1:colcon.colcon_core.package_identification:_identify(notasDeClase) by extension 'colcon_meta'
[0.774s] Level 1:colcon.colcon_core.package_identification:_identify(notasDeClase) by extensions ['ros']
[0.774s] Level 1:colcon.colcon_core.package_identification:_identify(notasDeClase) by extension 'ros'
[0.775s] Level 1:colcon.colcon_core.package_identification:_identify(notasDeClase) by extensions ['cmake', 'python']
[0.775s] Level 1:colcon.colcon_core.package_identification:_identify(notasDeClase) by extension 'cmake'
[0.775s] Level 1:colcon.colcon_core.package_identification:_identify(notasDeClase) by extension 'python'
[0.775s] Level 1:colcon.colcon_core.package_identification:_identify(notasDeClase) by extensions ['python_setup_py']
[0.775s] Level 1:colcon.colcon_core.package_identification:_identify(notasDeClase) by extension 'python_setup_py'
[0.775s] Level 1:colcon.colcon_core.package_identification:_identify(notasDeClase/clase25) by extensions ['ignore', 'ignore_ament_install']
[0.776s] Level 1:colcon.colcon_core.package_identification:_identify(notasDeClase/clase25) by extension 'ignore'
[0.776s] Level 1:colcon.colcon_core.package_identification:_identify(notasDeClase/clase25) by extension 'ignore_ament_install'
[0.776s] Level 1:colcon.colcon_core.package_identification:_identify(notasDeClase/clase25) by extensions ['colcon_pkg']
[0.776s] Level 1:colcon.colcon_core.package_identification:_identify(notasDeClase/clase25) by extension 'colcon_pkg'
[0.776s] Level 1:colcon.colcon_core.package_identification:_identify(notasDeClase/clase25) by extensions ['colcon_meta']
[0.776s] Level 1:colcon.colcon_core.package_identification:_identify(notasDeClase/clase25) by extension 'colcon_meta'
[0.776s] Level 1:colcon.colcon_core.package_identification:_identify(notasDeClase/clase25) by extensions ['ros']
[0.776s] Level 1:colcon.colcon_core.package_identification:_identify(notasDeClase/clase25) by extension 'ros'
[0.777s] Level 1:colcon.colcon_core.package_identification:_identify(notasDeClase/clase25) by extensions ['cmake', 'python']
[0.777s] Level 1:colcon.colcon_core.package_identification:_identify(notasDeClase/clase25) by extension 'cmake'
[0.777s] Level 1:colcon.colcon_core.package_identification:_identify(notasDeClase/clase25) by extension 'python'
[0.777s] Level 1:colcon.colcon_core.package_identification:_identify(notasDeClase/clase25) by extensions ['python_setup_py']
[0.777s] Level 1:colcon.colcon_core.package_identification:_identify(notasDeClase/clase25) by extension 'python_setup_py'
[0.777s] Level 1:colcon.colcon_core.package_identification:_identify(notasDeClase/clase26) by extensions ['ignore', 'ignore_ament_install']
[0.777s] Level 1:colcon.colcon_core.package_identification:_identify(notasDeClase/clase26) by extension 'ignore'
[0.777s] Level 1:colcon.colcon_core.package_identification:_identify(notasDeClase/clase26) by extension 'ignore_ament_install'
[0.778s] Level 1:colcon.colcon_core.package_identification:_identify(notasDeClase/clase26) by extensions ['colcon_pkg']
[0.778s] Level 1:colcon.colcon_core.package_identification:_identify(notasDeClase/clase26) by extension 'colcon_pkg'
[0.778s] Level 1:colcon.colcon_core.package_identification:_identify(notasDeClase/clase26) by extensions ['colcon_meta']
[0.778s] Level 1:colcon.colcon_core.package_identification:_identify(notasDeClase/clase26) by extension 'colcon_meta'
[0.778s] Level 1:colcon.colcon_core.package_identification:_identify(notasDeClase/clase26) by extensions ['ros']
[0.778s] Level 1:colcon.colcon_core.package_identification:_identify(notasDeClase/clase26) by extension 'ros'
[0.778s] Level 1:colcon.colcon_core.package_identification:_identify(notasDeClase/clase26) by extensions ['cmake', 'python']
[0.778s] Level 1:colcon.colcon_core.package_identification:_identify(notasDeClase/clase26) by extension 'cmake'
[0.778s] Level 1:colcon.colcon_core.package_identification:_identify(notasDeClase/clase26) by extension 'python'
[0.778s] Level 1:colcon.colcon_core.package_identification:_identify(notasDeClase/clase26) by extensions ['python_setup_py']
[0.779s] Level 1:colcon.colcon_core.package_identification:_identify(notasDeClase/clase26) by extension 'python_setup_py'
[0.779s] Level 1:colcon.colcon_core.package_identification:_identify(notasDeClase/clase27) by extensions ['ignore', 'ignore_ament_install']
[0.779s] Level 1:colcon.colcon_core.package_identification:_identify(notasDeClase/clase27) by extension 'ignore'
[0.779s] Level 1:colcon.colcon_core.package_identification:_identify(notasDeClase/clase27) by extension 'ignore_ament_install'
[0.779s] Level 1:colcon.colcon_core.package_identification:_identify(notasDeClase/clase27) by extensions ['colcon_pkg']
[0.779s] Level 1:colcon.colcon_core.package_identification:_identify(notasDeClase/clase27) by extension 'colcon_pkg'
[0.779s] Level 1:colcon.colcon_core.package_identification:_identify(notasDeClase/clase27) by extensions ['colcon_meta']
[0.779s] Level 1:colcon.colcon_core.package_identification:_identify(notasDeClase/clase27) by extension 'colcon_meta'
[0.780s] Level 1:colcon.colcon_core.package_identification:_identify(notasDeClase/clase27) by extensions ['ros']
[0.780s] Level 1:colcon.colcon_core.package_identification:_identify(notasDeClase/clase27) by extension 'ros'
[0.780s] Level 1:colcon.colcon_core.package_identification:_identify(notasDeClase/clase27) by extensions ['cmake', 'python']
[0.780s] Level 1:colcon.colcon_core.package_identification:_identify(notasDeClase/clase27) by extension 'cmake'
[0.780s] Level 1:colcon.colcon_core.package_identification:_identify(notasDeClase/clase27) by extension 'python'
[0.780s] Level 1:colcon.colcon_core.package_identification:_identify(notasDeClase/clase27) by extensions ['python_setup_py']
[0.780s] Level 1:colcon.colcon_core.package_identification:_identify(notasDeClase/clase27) by extension 'python_setup_py'
[0.780s] Level 1:colcon.colcon_core.package_identification:_identify(notasDeClase/clase28) by extensions ['ignore', 'ignore_ament_install']
[0.781s] Level 1:colcon.colcon_core.package_identification:_identify(notasDeClase/clase28) by extension 'ignore'
[0.781s] Level 1:colcon.colcon_core.package_identification:_identify(notasDeClase/clase28) by extension 'ignore_ament_install'
[0.781s] Level 1:colcon.colcon_core.package_identification:_identify(notasDeClase/clase28) by extensions ['colcon_pkg']
[0.781s] Level 1:colcon.colcon_core.package_identification:_identify(notasDeClase/clase28) by extension 'colcon_pkg'
[0.781s] Level 1:colcon.colcon_core.package_identification:_identify(notasDeClase/clase28) by extensions ['colcon_meta']
[0.781s] Level 1:colcon.colcon_core.package_identification:_identify(notasDeClase/clase28) by extension 'colcon_meta'
[0.781s] Level 1:colcon.colcon_core.package_identification:_identify(notasDeClase/clase28) by extensions ['ros']
[0.781s] Level 1:colcon.colcon_core.package_identification:_identify(notasDeClase/clase28) by extension 'ros'
[0.781s] Level 1:colcon.colcon_core.package_identification:_identify(notasDeClase/clase28) by extensions ['cmake', 'python']
[0.781s] Level 1:colcon.colcon_core.package_identification:_identify(notasDeClase/clase28) by extension 'cmake'
[0.782s] Level 1:colcon.colcon_core.package_identification:_identify(notasDeClase/clase28) by extension 'python'
[0.782s] Level 1:colcon.colcon_core.package_identification:_identify(notasDeClase/clase28) by extensions ['python_setup_py']
[0.782s] Level 1:colcon.colcon_core.package_identification:_identify(notasDeClase/clase28) by extension 'python_setup_py'
[0.782s] Level 1:colcon.colcon_core.package_identification:_identify(notasDeClase/clase29) by extensions ['ignore', 'ignore_ament_install']
[0.782s] Level 1:colcon.colcon_core.package_identification:_identify(notasDeClase/clase29) by extension 'ignore'
[0.782s] Level 1:colcon.colcon_core.package_identification:_identify(notasDeClase/clase29) by extension 'ignore_ament_install'
[0.782s] Level 1:colcon.colcon_core.package_identification:_identify(notasDeClase/clase29) by extensions ['colcon_pkg']
[0.782s] Level 1:colcon.colcon_core.package_identification:_identify(notasDeClase/clase29) by extension 'colcon_pkg'
[0.783s] Level 1:colcon.colcon_core.package_identification:_identify(notasDeClase/clase29) by extensions ['colcon_meta']
[0.783s] Level 1:colcon.colcon_core.package_identification:_identify(notasDeClase/clase29) by extension 'colcon_meta'
[0.783s] Level 1:colcon.colcon_core.package_identification:_identify(notasDeClase/clase29) by extensions ['ros']
[0.783s] Level 1:colcon.colcon_core.package_identification:_identify(notasDeClase/clase29) by extension 'ros'
[0.783s] Level 1:colcon.colcon_core.package_identification:_identify(notasDeClase/clase29) by extensions ['cmake', 'python']
[0.783s] Level 1:colcon.colcon_core.package_identification:_identify(notasDeClase/clase29) by extension 'cmake'
[0.783s] Level 1:colcon.colcon_core.package_identification:_identify(notasDeClase/clase29) by extension 'python'
[0.783s] Level 1:colcon.colcon_core.package_identification:_identify(notasDeClase/clase29) by extensions ['python_setup_py']
[0.783s] Level 1:colcon.colcon_core.package_identification:_identify(notasDeClase/clase29) by extension 'python_setup_py'
[0.784s] Level 1:colcon.colcon_core.package_identification:_identify(notasDeClase/clase31) by extensions ['ignore', 'ignore_ament_install']
[0.784s] Level 1:colcon.colcon_core.package_identification:_identify(notasDeClase/clase31) by extension 'ignore'
[0.784s] Level 1:colcon.colcon_core.package_identification:_identify(notasDeClase/clase31) by extension 'ignore_ament_install'
[0.784s] Level 1:colcon.colcon_core.package_identification:_identify(notasDeClase/clase31) by extensions ['colcon_pkg']
[0.784s] Level 1:colcon.colcon_core.package_identification:_identify(notasDeClase/clase31) by extension 'colcon_pkg'
[0.784s] Level 1:colcon.colcon_core.package_identification:_identify(notasDeClase/clase31) by extensions ['colcon_meta']
[0.784s] Level 1:colcon.colcon_core.package_identification:_identify(notasDeClase/clase31) by extension 'colcon_meta'
[0.784s] Level 1:colcon.colcon_core.package_identification:_identify(notasDeClase/clase31) by extensions ['ros']
[0.784s] Level 1:colcon.colcon_core.package_identification:_identify(notasDeClase/clase31) by extension 'ros'
[0.785s] Level 1:colcon.colcon_core.package_identification:_identify(notasDeClase/clase31) by extensions ['cmake', 'python']
[0.785s] Level 1:colcon.colcon_core.package_identification:_identify(notasDeClase/clase31) by extension 'cmake'
[0.785s] Level 1:colcon.colcon_core.package_identification:_identify(notasDeClase/clase31) by extension 'python'
[0.785s] Level 1:colcon.colcon_core.package_identification:_identify(notasDeClase/clase31) by extensions ['python_setup_py']
[0.785s] Level 1:colcon.colcon_core.package_identification:_identify(notasDeClase/clase31) by extension 'python_setup_py'
[0.785s] Level 1:colcon.colcon_core.package_identification:_identify(notasDeClase/clase32) by extensions ['ignore', 'ignore_ament_install']
[0.785s] Level 1:colcon.colcon_core.package_identification:_identify(notasDeClase/clase32) by extension 'ignore'
[0.785s] Level 1:colcon.colcon_core.package_identification:_identify(notasDeClase/clase32) by extension 'ignore_ament_install'
[0.786s] Level 1:colcon.colcon_core.package_identification:_identify(notasDeClase/clase32) by extensions ['colcon_pkg']
[0.786s] Level 1:colcon.colcon_core.package_identification:_identify(notasDeClase/clase32) by extension 'colcon_pkg'
[0.786s] Level 1:colcon.colcon_core.package_identification:_identify(notasDeClase/clase32) by extensions ['colcon_meta']
[0.786s] Level 1:colcon.colcon_core.package_identification:_identify(notasDeClase/clase32) by extension 'colcon_meta'
[0.786s] Level 1:colcon.colcon_core.package_identification:_identify(notasDeClase/clase32) by extensions ['ros']
[0.786s] Level 1:colcon.colcon_core.package_identification:_identify(notasDeClase/clase32) by extension 'ros'
[0.786s] Level 1:colcon.colcon_core.package_identification:_identify(notasDeClase/clase32) by extensions ['cmake', 'python']
[0.786s] Level 1:colcon.colcon_core.package_identification:_identify(notasDeClase/clase32) by extension 'cmake'
[0.786s] Level 1:colcon.colcon_core.package_identification:_identify(notasDeClase/clase32) by extension 'python'
[0.786s] Level 1:colcon.colcon_core.package_identification:_identify(notasDeClase/clase32) by extensions ['python_setup_py']
[0.787s] Level 1:colcon.colcon_core.package_identification:_identify(notasDeClase/clase32) by extension 'python_setup_py'
[0.787s] Level 1:colcon.colcon_core.package_identification:_identify(notasDeClase/clase33) by extensions ['ignore', 'ignore_ament_install']
[0.787s] Level 1:colcon.colcon_core.package_identification:_identify(notasDeClase/clase33) by extension 'ignore'
[0.787s] Level 1:colcon.colcon_core.package_identification:_identify(notasDeClase/clase33) by extension 'ignore_ament_install'
[0.787s] Level 1:colcon.colcon_core.package_identification:_identify(notasDeClase/clase33) by extensions ['colcon_pkg']
[0.787s] Level 1:colcon.colcon_core.package_identification:_identify(notasDeClase/clase33) by extension 'colcon_pkg'
[0.787s] Level 1:colcon.colcon_core.package_identification:_identify(notasDeClase/clase33) by extensions ['colcon_meta']
[0.787s] Level 1:colcon.colcon_core.package_identification:_identify(notasDeClase/clase33) by extension 'colcon_meta'
[0.788s] Level 1:colcon.colcon_core.package_identification:_identify(notasDeClase/clase33) by extensions ['ros']
[0.788s] Level 1:colcon.colcon_core.package_identification:_identify(notasDeClase/clase33) by extension 'ros'
[0.788s] Level 1:colcon.colcon_core.package_identification:_identify(notasDeClase/clase33) by extensions ['cmake', 'python']
[0.788s] Level 1:colcon.colcon_core.package_identification:_identify(notasDeClase/clase33) by extension 'cmake'
[0.788s] Level 1:colcon.colcon_core.package_identification:_identify(notasDeClase/clase33) by extension 'python'
[0.788s] Level 1:colcon.colcon_core.package_identification:_identify(notasDeClase/clase33) by extensions ['python_setup_py']
[0.788s] Level 1:colcon.colcon_core.package_identification:_identify(notasDeClase/clase33) by extension 'python_setup_py'
[0.788s] Level 1:colcon.colcon_core.package_identification:_identify(resources) by extensions ['ignore', 'ignore_ament_install']
[0.789s] Level 1:colcon.colcon_core.package_identification:_identify(resources) by extension 'ignore'
[0.789s] Level 1:colcon.colcon_core.package_identification:_identify(resources) by extension 'ignore_ament_install'
[0.789s] Level 1:colcon.colcon_core.package_identification:_identify(resources) by extensions ['colcon_pkg']
[0.789s] Level 1:colcon.colcon_core.package_identification:_identify(resources) by extension 'colcon_pkg'
[0.789s] Level 1:colcon.colcon_core.package_identification:_identify(resources) by extensions ['colcon_meta']
[0.789s] Level 1:colcon.colcon_core.package_identification:_identify(resources) by extension 'colcon_meta'
[0.789s] Level 1:colcon.colcon_core.package_identification:_identify(resources) by extensions ['ros']
[0.789s] Level 1:colcon.colcon_core.package_identification:_identify(resources) by extension 'ros'
[0.789s] Level 1:colcon.colcon_core.package_identification:_identify(resources) by extensions ['cmake', 'python']
[0.789s] Level 1:colcon.colcon_core.package_identification:_identify(resources) by extension 'cmake'
[0.790s] Level 1:colcon.colcon_core.package_identification:_identify(resources) by extension 'python'
[0.790s] Level 1:colcon.colcon_core.package_identification:_identify(resources) by extensions ['python_setup_py']
[0.790s] Level 1:colcon.colcon_core.package_identification:_identify(resources) by extension 'python_setup_py'
[0.790s] Level 1:colcon.colcon_core.package_discovery:discover_packages(recursive) using defaults
[0.790s] Level 1:colcon.colcon_core.package_discovery:discover_packages(ignore) discover
[0.790s] Level 1:colcon.colcon_core.package_discovery:discover_packages(ignore) using defaults
[0.790s] Level 1:colcon.colcon_core.package_discovery:discover_packages(path) discover
[0.790s] Level 1:colcon.colcon_core.package_discovery:discover_packages(path) using defaults
[0.865s] Level 1:colcon.colcon_core.package_discovery:discover_packages(prefix_path) check parameters
[0.865s] Level 1:colcon.colcon_core.package_discovery:discover_packages(prefix_path) discover
[0.873s] DEBUG:colcon.colcon_installed_package_information.package_discovery:Found 4 installed packages in /home/joho/Documents/RoboticsAndROS2-LearnByDoingManipulators/arduinobot_ws/install
[0.881s] DEBUG:colcon.colcon_installed_package_information.package_discovery:Found 395 installed packages in /opt/ros/humble
[0.888s] Level 1:colcon.colcon_core.package_discovery:discover_packages(prefix_path) using defaults
[1.081s] Level 5:colcon.colcon_core.verb:set package 'arduinobot_cpp_examples' build argument 'cmake_args' from command line to 'None'
[1.081s] Level 5:colcon.colcon_core.verb:set package 'arduinobot_cpp_examples' build argument 'cmake_target' from command line to 'None'
[1.081s] Level 5:colcon.colcon_core.verb:set package 'arduinobot_cpp_examples' build argument 'cmake_target_skip_unavailable' from command line to 'False'
[1.081s] Level 5:colcon.colcon_core.verb:set package 'arduinobot_cpp_examples' build argument 'cmake_clean_cache' from command line to 'False'
[1.081s] Level 5:colcon.colcon_core.verb:set package 'arduinobot_cpp_examples' build argument 'cmake_clean_first' from command line to 'False'
[1.081s] Level 5:colcon.colcon_core.verb:set package 'arduinobot_cpp_examples' build argument 'cmake_force_configure' from command line to 'False'
[1.081s] Level 5:colcon.colcon_core.verb:set package 'arduinobot_cpp_examples' build argument 'ament_cmake_args' from command line to 'None'
[1.081s] Level 5:colcon.colcon_core.verb:set package 'arduinobot_cpp_examples' build argument 'catkin_cmake_args' from command line to 'None'
[1.081s] Level 5:colcon.colcon_core.verb:set package 'arduinobot_cpp_examples' build argument 'catkin_skip_building_tests' from command line to 'False'
[1.081s] DEBUG:colcon.colcon_core.verb:Building package 'arduinobot_cpp_examples' with the following arguments: {'ament_cmake_args': None, 'build_base': '/home/joho/Documents/RoboticsAndROS2-LearnByDoingManipulators/build/arduinobot_cpp_examples', 'catkin_cmake_args': None, 'catkin_skip_building_tests': False, 'cmake_args': None, 'cmake_clean_cache': False, 'cmake_clean_first': False, 'cmake_force_configure': False, 'cmake_target': None, 'cmake_target_skip_unavailable': False, 'install_base': '/home/joho/Documents/RoboticsAndROS2-LearnByDoingManipulators/install/arduinobot_cpp_examples', 'merge_install': False, 'path': '/home/joho/Documents/RoboticsAndROS2-LearnByDoingManipulators/arduinobot_ws/src/arduinobot_cpp_examples', 'symlink_install': False, 'test_result_base': None}
[1.082s] Level 5:colcon.colcon_core.verb:set package 'arduinobot_description' build argument 'cmake_args' from command line to 'None'
[1.082s] Level 5:colcon.colcon_core.verb:set package 'arduinobot_description' build argument 'cmake_target' from command line to 'None'
[1.083s] Level 5:colcon.colcon_core.verb:set package 'arduinobot_description' build argument 'cmake_target_skip_unavailable' from command line to 'False'
[1.083s] Level 5:colcon.colcon_core.verb:set package 'arduinobot_description' build argument 'cmake_clean_cache' from command line to 'False'
[1.083s] Level 5:colcon.colcon_core.verb:set package 'arduinobot_description' build argument 'cmake_clean_first' from command line to 'False'
[1.083s] Level 5:colcon.colcon_core.verb:set package 'arduinobot_description' build argument 'cmake_force_configure' from command line to 'False'
[1.083s] Level 5:colcon.colcon_core.verb:set package 'arduinobot_description' build argument 'ament_cmake_args' from command line to 'None'
[1.083s] Level 5:colcon.colcon_core.verb:set package 'arduinobot_description' build argument 'catkin_cmake_args' from command line to 'None'
[1.083s] Level 5:colcon.colcon_core.verb:set package 'arduinobot_description' build argument 'catkin_skip_building_tests' from command line to 'False'
[1.083s] DEBUG:colcon.colcon_core.verb:Building package 'arduinobot_description' with the following arguments: {'ament_cmake_args': None, 'build_base': '/home/joho/Documents/RoboticsAndROS2-LearnByDoingManipulators/build/arduinobot_description', 'catkin_cmake_args': None, 'catkin_skip_building_tests': False, 'cmake_args': None, 'cmake_clean_cache': False, 'cmake_clean_first': False, 'cmake_force_configure': False, 'cmake_target': None, 'cmake_target_skip_unavailable': False, 'install_base': '/home/joho/Documents/RoboticsAndROS2-LearnByDoingManipulators/install/arduinobot_description', 'merge_install': False, 'path': '/home/joho/Documents/RoboticsAndROS2-LearnByDoingManipulators/arduinobot_ws/src/arduinobot_description', 'symlink_install': False, 'test_result_base': None}
[1.084s] Level 5:colcon.colcon_core.verb:set package 'arduinobot_py_examples' build argument 'cmake_args' from command line to 'None'
[1.084s] Level 5:colcon.colcon_core.verb:set package 'arduinobot_py_examples' build argument 'cmake_target' from command line to 'None'
[1.084s] Level 5:colcon.colcon_core.verb:set package 'arduinobot_py_examples' build argument 'cmake_target_skip_unavailable' from command line to 'False'
[1.084s] Level 5:colcon.colcon_core.verb:set package 'arduinobot_py_examples' build argument 'cmake_clean_cache' from command line to 'False'
[1.084s] Level 5:colcon.colcon_core.verb:set package 'arduinobot_py_examples' build argument 'cmake_clean_first' from command line to 'False'
[1.084s] Level 5:colcon.colcon_core.verb:set package 'arduinobot_py_examples' build argument 'cmake_force_configure' from command line to 'False'
[1.084s] Level 5:colcon.colcon_core.verb:set package 'arduinobot_py_examples' build argument 'ament_cmake_args' from command line to 'None'
[1.084s] Level 5:colcon.colcon_core.verb:set package 'arduinobot_py_examples' build argument 'catkin_cmake_args' from command line to 'None'
[1.084s] Level 5:colcon.colcon_core.verb:set package 'arduinobot_py_examples' build argument 'catkin_skip_building_tests' from command line to 'False'
[1.085s] DEBUG:colcon.colcon_core.verb:Building package 'arduinobot_py_examples' with the following arguments: {'ament_cmake_args': None, 'build_base': '/home/joho/Documents/RoboticsAndROS2-LearnByDoingManipulators/build/arduinobot_py_examples', 'catkin_cmake_args': None, 'catkin_skip_building_tests': False, 'cmake_args': None, 'cmake_clean_cache': False, 'cmake_clean_first': False, 'cmake_force_configure': False, 'cmake_target': None, 'cmake_target_skip_unavailable': False, 'install_base': '/home/joho/Documents/RoboticsAndROS2-LearnByDoingManipulators/install/arduinobot_py_examples', 'merge_install': False, 'path': '/home/joho/Documents/RoboticsAndROS2-LearnByDoingManipulators/arduinobot_ws/src/arduinobot_py_examples', 'symlink_install': False, 'test_result_base': None}
[1.085s] INFO:colcon.colcon_core.executor:Executing jobs using 'parallel' executor
[1.087s] DEBUG:colcon.colcon_parallel_executor.executor.parallel:run_until_complete
[1.088s] INFO:colcon.colcon_ros.task.ament_cmake.build:Building ROS package in '/home/joho/Documents/RoboticsAndROS2-LearnByDoingManipulators/arduinobot_ws/src/arduinobot_cpp_examples' with build type 'ament_cmake'
[1.088s] INFO:colcon.colcon_cmake.task.cmake.build:Building CMake package in '/home/joho/Documents/RoboticsAndROS2-LearnByDoingManipulators/arduinobot_ws/src/arduinobot_cpp_examples'
[1.094s] INFO:colcon.colcon_core.plugin_system:Skipping extension 'colcon_core.shell.bat': Not used on non-Windows systems
[1.095s] INFO:colcon.colcon_core.shell:Skip shell extension 'powershell' for command environment: Not usable outside of PowerShell
[1.095s] DEBUG:colcon.colcon_core.shell:Skip shell extension 'dsv' for command environment
[1.108s] INFO:colcon.colcon_ros.task.ament_cmake.build:Building ROS package in '/home/joho/Documents/RoboticsAndROS2-LearnByDoingManipulators/arduinobot_ws/src/arduinobot_description' with build type 'ament_cmake'
[1.109s] INFO:colcon.colcon_cmake.task.cmake.build:Building CMake package in '/home/joho/Documents/RoboticsAndROS2-LearnByDoingManipulators/arduinobot_ws/src/arduinobot_description'
[1.110s] INFO:colcon.colcon_core.shell:Skip shell extension 'powershell' for command environment: Not usable outside of PowerShell
[1.110s] DEBUG:colcon.colcon_core.shell:Skip shell extension 'dsv' for command environment
[1.120s] INFO:colcon.colcon_ros.task.ament_python.build:Building ROS package in '/home/joho/Documents/RoboticsAndROS2-LearnByDoingManipulators/arduinobot_ws/src/arduinobot_py_examples' with build type 'ament_python'
[1.121s] Level 1:colcon.colcon_core.shell:create_environment_hook('arduinobot_py_examples', 'ament_prefix_path')
[1.121s] INFO:colcon.colcon_core.shell:Creating environment hook '/home/joho/Documents/RoboticsAndROS2-LearnByDoingManipulators/install/arduinobot_py_examples/share/arduinobot_py_examples/hook/ament_prefix_path.ps1'
[1.124s] INFO:colcon.colcon_core.shell:Creating environment descriptor '/home/joho/Documents/RoboticsAndROS2-LearnByDoingManipulators/install/arduinobot_py_examples/share/arduinobot_py_examples/hook/ament_prefix_path.dsv'
[1.125s] INFO:colcon.colcon_core.shell:Creating environment hook '/home/joho/Documents/RoboticsAndROS2-LearnByDoingManipulators/install/arduinobot_py_examples/share/arduinobot_py_examples/hook/ament_prefix_path.sh'
[1.127s] INFO:colcon.colcon_core.shell:Skip shell extension 'powershell' for command environment: Not usable outside of PowerShell
[1.127s] DEBUG:colcon.colcon_core.shell:Skip shell extension 'dsv' for command environment
[1.147s] DEBUG:colcon.colcon_core.event_handler.log_command:Invoking command in '/home/joho/Documents/RoboticsAndROS2-LearnByDoingManipulators/build/arduinobot_cpp_examples': CMAKE_PREFIX_PATH=${CMAKE_PREFIX_PATH}:/home/joho/Documents/RoboticsAndROS2-LearnByDoingManipulators/arduinobot_ws/install/arduinobot_py_examples:/opt/ros/humble /usr/bin/cmake /home/joho/Documents/RoboticsAndROS2-LearnByDoingManipulators/arduinobot_ws/src/arduinobot_cpp_examples -DCMAKE_INSTALL_PREFIX=/home/joho/Documents/RoboticsAndROS2-LearnByDoingManipulators/install/arduinobot_cpp_examples
[1.154s] DEBUG:colcon.colcon_core.event_handler.log_command:Invoking command in '/home/joho/Documents/RoboticsAndROS2-LearnByDoingManipulators/build/arduinobot_description': CMAKE_PREFIX_PATH=${CMAKE_PREFIX_PATH}:/home/joho/Documents/RoboticsAndROS2-LearnByDoingManipulators/arduinobot_ws/install/arduinobot_py_examples:/opt/ros/humble /usr/bin/cmake /home/joho/Documents/RoboticsAndROS2-LearnByDoingManipulators/arduinobot_ws/src/arduinobot_description -DCMAKE_INSTALL_PREFIX=/home/joho/Documents/RoboticsAndROS2-LearnByDoingManipulators/install/arduinobot_description
[2.104s] INFO:colcon.colcon_core.task.python.build:Building Python package in '/home/joho/Documents/RoboticsAndROS2-LearnByDoingManipulators/arduinobot_ws/src/arduinobot_py_examples'
[2.105s] INFO:colcon.colcon_core.shell:Skip shell extension 'powershell' for command environment: Not usable outside of PowerShell
[2.105s] DEBUG:colcon.colcon_core.shell:Skip shell extension 'dsv' for command environment
[3.254s] DEBUG:colcon.colcon_core.event_handler.log_command:Invoked command in '/home/joho/Documents/RoboticsAndROS2-LearnByDoingManipulators/build/arduinobot_description' returned '0': CMAKE_PREFIX_PATH=${CMAKE_PREFIX_PATH}:/home/joho/Documents/RoboticsAndROS2-LearnByDoingManipulators/arduinobot_ws/install/arduinobot_py_examples:/opt/ros/humble /usr/bin/cmake /home/joho/Documents/RoboticsAndROS2-LearnByDoingManipulators/arduinobot_ws/src/arduinobot_description -DCMAKE_INSTALL_PREFIX=/home/joho/Documents/RoboticsAndROS2-LearnByDoingManipulators/install/arduinobot_description
[3.258s] DEBUG:colcon.colcon_core.event_handler.log_command:Invoking command in '/home/joho/Documents/RoboticsAndROS2-LearnByDoingManipulators/build/arduinobot_description': CMAKE_PREFIX_PATH=${CMAKE_PREFIX_PATH}:/home/joho/Documents/RoboticsAndROS2-LearnByDoingManipulators/arduinobot_ws/install/arduinobot_py_examples:/opt/ros/humble /usr/bin/cmake --build /home/joho/Documents/RoboticsAndROS2-LearnByDoingManipulators/build/arduinobot_description -- -j4 -l4
[3.265s] DEBUG:colcon.colcon_core.event_handler.log_command:Invoking command in '/home/joho/Documents/RoboticsAndROS2-LearnByDoingManipulators/arduinobot_ws/src/arduinobot_py_examples': PYTHONPATH=/home/joho/Documents/RoboticsAndROS2-LearnByDoingManipulators/build/arduinobot_py_examples/prefix_override:/usr/lib/python3/dist-packages/colcon_core/task/python/colcon_distutils_commands:/home/joho/Documents/RoboticsAndROS2-LearnByDoingManipulators/install/arduinobot_py_examples/lib/python3.10/site-packages:${PYTHONPATH} /usr/bin/python3 -W ignore:setup.py install is deprecated -W ignore:easy_install command is deprecated setup.py egg_info --egg-base ../../../build/arduinobot_py_examples build --build-base /home/joho/Documents/RoboticsAndROS2-LearnByDoingManipulators/build/arduinobot_py_examples/build install --record /home/joho/Documents/RoboticsAndROS2-LearnByDoingManipulators/build/arduinobot_py_examples/install.log --single-version-externally-managed install_data
[3.361s] DEBUG:colcon.colcon_core.event_handler.log_command:Invoked command in '/home/joho/Documents/RoboticsAndROS2-LearnByDoingManipulators/build/arduinobot_description' returned '0': CMAKE_PREFIX_PATH=${CMAKE_PREFIX_PATH}:/home/joho/Documents/RoboticsAndROS2-LearnByDoingManipulators/arduinobot_ws/install/arduinobot_py_examples:/opt/ros/humble /usr/bin/cmake --build /home/joho/Documents/RoboticsAndROS2-LearnByDoingManipulators/build/arduinobot_description -- -j4 -l4
[3.386s] DEBUG:colcon.colcon_core.event_handler.log_command:Invoking command in '/home/joho/Documents/RoboticsAndROS2-LearnByDoingManipulators/build/arduinobot_description': CMAKE_PREFIX_PATH=${CMAKE_PREFIX_PATH}:/home/joho/Documents/RoboticsAndROS2-LearnByDoingManipulators/arduinobot_ws/install/arduinobot_py_examples:/opt/ros/humble /usr/bin/cmake --install /home/joho/Documents/RoboticsAndROS2-LearnByDoingManipulators/build/arduinobot_description
[3.480s] Level 1:colcon.colcon_core.environment:create_environment_scripts_only(arduinobot_description)
[3.485s] DEBUG:colcon.colcon_core.event_handler.log_command:Invoked command in '/home/joho/Documents/RoboticsAndROS2-LearnByDoingManipulators/build/arduinobot_description' returned '0': CMAKE_PREFIX_PATH=${CMAKE_PREFIX_PATH}:/home/joho/Documents/RoboticsAndROS2-LearnByDoingManipulators/arduinobot_ws/install/arduinobot_py_examples:/opt/ros/humble /usr/bin/cmake --install /home/joho/Documents/RoboticsAndROS2-LearnByDoingManipulators/build/arduinobot_description
[3.496s] Level 1:colcon.colcon_core.environment:checking '/home/joho/Documents/RoboticsAndROS2-LearnByDoingManipulators/install/arduinobot_description' for CMake module files
[3.499s] Level 1:colcon.colcon_core.environment:checking '/home/joho/Documents/RoboticsAndROS2-LearnByDoingManipulators/install/arduinobot_description' for CMake config files
[3.505s] Level 1:colcon.colcon_core.shell:create_environment_hook('arduinobot_description', 'cmake_prefix_path')
[3.506s] INFO:colcon.colcon_core.shell:Creating environment hook '/home/joho/Documents/RoboticsAndROS2-LearnByDoingManipulators/install/arduinobot_description/share/arduinobot_description/hook/cmake_prefix_path.ps1'
[3.507s] INFO:colcon.colcon_core.shell:Creating environment descriptor '/home/joho/Documents/RoboticsAndROS2-LearnByDoingManipulators/install/arduinobot_description/share/arduinobot_description/hook/cmake_prefix_path.dsv'
[3.511s] INFO:colcon.colcon_core.shell:Creating environment hook '/home/joho/Documents/RoboticsAndROS2-LearnByDoingManipulators/install/arduinobot_description/share/arduinobot_description/hook/cmake_prefix_path.sh'
[3.513s] Level 1:colcon.colcon_core.environment:checking '/home/joho/Documents/RoboticsAndROS2-LearnByDoingManipulators/install/arduinobot_description/bin'
[3.513s] Level 1:colcon.colcon_core.environment:checking '/home/joho/Documents/RoboticsAndROS2-LearnByDoingManipulators/install/arduinobot_description/lib/pkgconfig/arduinobot_description.pc'
[3.514s] Level 1:colcon.colcon_core.environment:checking '/home/joho/Documents/RoboticsAndROS2-LearnByDoingManipulators/install/arduinobot_description/lib/python3.10/site-packages'
[3.515s] Level 1:colcon.colcon_core.environment:checking '/home/joho/Documents/RoboticsAndROS2-LearnByDoingManipulators/install/arduinobot_description/bin'
[3.516s] INFO:colcon.colcon_core.shell:Creating package script '/home/joho/Documents/RoboticsAndROS2-LearnByDoingManipulators/install/arduinobot_description/share/arduinobot_description/package.ps1'
[3.523s] INFO:colcon.colcon_core.shell:Creating package descriptor '/home/joho/Documents/RoboticsAndROS2-LearnByDoingManipulators/install/arduinobot_description/share/arduinobot_description/package.dsv'
[3.525s] INFO:colcon.colcon_core.shell:Creating package script '/home/joho/Documents/RoboticsAndROS2-LearnByDoingManipulators/install/arduinobot_description/share/arduinobot_description/package.sh'
[3.527s] INFO:colcon.colcon_core.shell:Creating package script '/home/joho/Documents/RoboticsAndROS2-LearnByDoingManipulators/install/arduinobot_description/share/arduinobot_description/package.bash'
[3.533s] INFO:colcon.colcon_core.shell:Creating package script '/home/joho/Documents/RoboticsAndROS2-LearnByDoingManipulators/install/arduinobot_description/share/arduinobot_description/package.zsh'
[3.539s] Level 1:colcon.colcon_core.environment:create_file_with_runtime_dependencies(/home/joho/Documents/RoboticsAndROS2-LearnByDoingManipulators/install/arduinobot_description/share/colcon-core/packages/arduinobot_description)
[3.541s] Level 1:colcon.colcon_core.environment:create_environment_scripts_only(arduinobot_description)
[3.542s] Level 1:colcon.colcon_core.environment:checking '/home/joho/Documents/RoboticsAndROS2-LearnByDoingManipulators/install/arduinobot_description' for CMake module files
[3.549s] Level 1:colcon.colcon_core.environment:checking '/home/joho/Documents/RoboticsAndROS2-LearnByDoingManipulators/install/arduinobot_description' for CMake config files
[3.550s] Level 1:colcon.colcon_core.shell:create_environment_hook('arduinobot_description', 'cmake_prefix_path')
[3.550s] INFO:colcon.colcon_core.shell:Creating environment hook '/home/joho/Documents/RoboticsAndROS2-LearnByDoingManipulators/install/arduinobot_description/share/arduinobot_description/hook/cmake_prefix_path.ps1'
[3.551s] INFO:colcon.colcon_core.shell:Creating environment descriptor '/home/joho/Documents/RoboticsAndROS2-LearnByDoingManipulators/install/arduinobot_description/share/arduinobot_description/hook/cmake_prefix_path.dsv'
[3.552s] INFO:colcon.colcon_core.shell:Creating environment hook '/home/joho/Documents/RoboticsAndROS2-LearnByDoingManipulators/install/arduinobot_description/share/arduinobot_description/hook/cmake_prefix_path.sh'
[3.554s] Level 1:colcon.colcon_core.environment:checking '/home/joho/Documents/RoboticsAndROS2-LearnByDoingManipulators/install/arduinobot_description/bin'
[3.554s] Level 1:colcon.colcon_core.environment:checking '/home/joho/Documents/RoboticsAndROS2-LearnByDoingManipulators/install/arduinobot_description/lib/pkgconfig/arduinobot_description.pc'
[3.556s] Level 1:colcon.colcon_core.environment:checking '/home/joho/Documents/RoboticsAndROS2-LearnByDoingManipulators/install/arduinobot_description/lib/python3.10/site-packages'
[3.562s] Level 1:colcon.colcon_core.environment:checking '/home/joho/Documents/RoboticsAndROS2-LearnByDoingManipulators/install/arduinobot_description/bin'
[3.563s] INFO:colcon.colcon_core.shell:Creating package script '/home/joho/Documents/RoboticsAndROS2-LearnByDoingManipulators/install/arduinobot_description/share/arduinobot_description/package.ps1'
[3.564s] INFO:colcon.colcon_core.shell:Creating package descriptor '/home/joho/Documents/RoboticsAndROS2-LearnByDoingManipulators/install/arduinobot_description/share/arduinobot_description/package.dsv'
[3.568s] INFO:colcon.colcon_core.shell:Creating package script '/home/joho/Documents/RoboticsAndROS2-LearnByDoingManipulators/install/arduinobot_description/share/arduinobot_description/package.sh'
[3.570s] INFO:colcon.colcon_core.shell:Creating package script '/home/joho/Documents/RoboticsAndROS2-LearnByDoingManipulators/install/arduinobot_description/share/arduinobot_description/package.bash'
[3.573s] INFO:colcon.colcon_core.shell:Creating package script '/home/joho/Documents/RoboticsAndROS2-LearnByDoingManipulators/install/arduinobot_description/share/arduinobot_description/package.zsh'
[3.575s] Level 1:colcon.colcon_core.environment:create_file_with_runtime_dependencies(/home/joho/Documents/RoboticsAndROS2-LearnByDoingManipulators/install/arduinobot_description/share/colcon-core/packages/arduinobot_description)
[4.277s] Level 1:colcon.colcon_core.environment:checking '/home/joho/Documents/RoboticsAndROS2-LearnByDoingManipulators/install/arduinobot_py_examples' for CMake module files
[4.278s] DEBUG:colcon.colcon_core.event_handler.log_command:Invoked command in '/home/joho/Documents/RoboticsAndROS2-LearnByDoingManipulators/arduinobot_ws/src/arduinobot_py_examples' returned '0': PYTHONPATH=/home/joho/Documents/RoboticsAndROS2-LearnByDoingManipulators/build/arduinobot_py_examples/prefix_override:/usr/lib/python3/dist-packages/colcon_core/task/python/colcon_distutils_commands:/home/joho/Documents/RoboticsAndROS2-LearnByDoingManipulators/install/arduinobot_py_examples/lib/python3.10/site-packages:${PYTHONPATH} /usr/bin/python3 -W ignore:setup.py install is deprecated -W ignore:easy_install command is deprecated setup.py egg_info --egg-base ../../../build/arduinobot_py_examples build --build-base /home/joho/Documents/RoboticsAndROS2-LearnByDoingManipulators/build/arduinobot_py_examples/build install --record /home/joho/Documents/RoboticsAndROS2-LearnByDoingManipulators/build/arduinobot_py_examples/install.log --single-version-externally-managed install_data
[4.279s] Level 1:colcon.colcon_core.environment:checking '/home/joho/Documents/RoboticsAndROS2-LearnByDoingManipulators/install/arduinobot_py_examples' for CMake config files
[4.280s] Level 1:colcon.colcon_core.environment:checking '/home/joho/Documents/RoboticsAndROS2-LearnByDoingManipulators/install/arduinobot_py_examples/lib'
[4.281s] Level 1:colcon.colcon_core.environment:checking '/home/joho/Documents/RoboticsAndROS2-LearnByDoingManipulators/install/arduinobot_py_examples/bin'
[4.281s] Level 1:colcon.colcon_core.environment:checking '/home/joho/Documents/RoboticsAndROS2-LearnByDoingManipulators/install/arduinobot_py_examples/lib/pkgconfig/arduinobot_py_examples.pc'
[4.282s] Level 1:colcon.colcon_core.environment:checking '/home/joho/Documents/RoboticsAndROS2-LearnByDoingManipulators/install/arduinobot_py_examples/lib/python3.10/site-packages'
[4.282s] Level 1:colcon.colcon_core.shell:create_environment_hook('arduinobot_py_examples', 'pythonpath')
[4.282s] INFO:colcon.colcon_core.shell:Creating environment hook '/home/joho/Documents/RoboticsAndROS2-LearnByDoingManipulators/install/arduinobot_py_examples/share/arduinobot_py_examples/hook/pythonpath.ps1'
[4.283s] INFO:colcon.colcon_core.shell:Creating environment descriptor '/home/joho/Documents/RoboticsAndROS2-LearnByDoingManipulators/install/arduinobot_py_examples/share/arduinobot_py_examples/hook/pythonpath.dsv'
[4.284s] INFO:colcon.colcon_core.shell:Creating environment hook '/home/joho/Documents/RoboticsAndROS2-LearnByDoingManipulators/install/arduinobot_py_examples/share/arduinobot_py_examples/hook/pythonpath.sh'
[4.285s] Level 1:colcon.colcon_core.environment:checking '/home/joho/Documents/RoboticsAndROS2-LearnByDoingManipulators/install/arduinobot_py_examples/bin'
[4.285s] Level 1:colcon.colcon_core.environment:create_environment_scripts_only(arduinobot_py_examples)
[4.286s] INFO:colcon.colcon_core.shell:Creating package script '/home/joho/Documents/RoboticsAndROS2-LearnByDoingManipulators/install/arduinobot_py_examples/share/arduinobot_py_examples/package.ps1'
[4.287s] INFO:colcon.colcon_core.shell:Creating package descriptor '/home/joho/Documents/RoboticsAndROS2-LearnByDoingManipulators/install/arduinobot_py_examples/share/arduinobot_py_examples/package.dsv'
[4.288s] INFO:colcon.colcon_core.shell:Creating package script '/home/joho/Documents/RoboticsAndROS2-LearnByDoingManipulators/install/arduinobot_py_examples/share/arduinobot_py_examples/package.sh'
[4.289s] INFO:colcon.colcon_core.shell:Creating package script '/home/joho/Documents/RoboticsAndROS2-LearnByDoingManipulators/install/arduinobot_py_examples/share/arduinobot_py_examples/package.bash'
[4.289s] INFO:colcon.colcon_core.shell:Creating package script '/home/joho/Documents/RoboticsAndROS2-LearnByDoingManipulators/install/arduinobot_py_examples/share/arduinobot_py_examples/package.zsh'
[4.290s] Level 1:colcon.colcon_core.environment:create_file_with_runtime_dependencies(/home/joho/Documents/RoboticsAndROS2-LearnByDoingManipulators/install/arduinobot_py_examples/share/colcon-core/packages/arduinobot_py_examples)
[4.960s] DEBUG:colcon.colcon_core.event_handler.log_command:Invoked command in '/home/joho/Documents/RoboticsAndROS2-LearnByDoingManipulators/build/arduinobot_cpp_examples' returned '0': CMAKE_PREFIX_PATH=${CMAKE_PREFIX_PATH}:/home/joho/Documents/RoboticsAndROS2-LearnByDoingManipulators/arduinobot_ws/install/arduinobot_py_examples:/opt/ros/humble /usr/bin/cmake /home/joho/Documents/RoboticsAndROS2-LearnByDoingManipulators/arduinobot_ws/src/arduinobot_cpp_examples -DCMAKE_INSTALL_PREFIX=/home/joho/Documents/RoboticsAndROS2-LearnByDoingManipulators/install/arduinobot_cpp_examples
[4.964s] DEBUG:colcon.colcon_core.event_handler.log_command:Invoking command in '/home/joho/Documents/RoboticsAndROS2-LearnByDoingManipulators/build/arduinobot_cpp_examples': CMAKE_PREFIX_PATH=${CMAKE_PREFIX_PATH}:/home/joho/Documents/RoboticsAndROS2-LearnByDoingManipulators/arduinobot_ws/install/arduinobot_py_examples:/opt/ros/humble /usr/bin/cmake --build /home/joho/Documents/RoboticsAndROS2-LearnByDoingManipulators/build/arduinobot_cpp_examples -- -j4 -l4
[25.823s] DEBUG:colcon.colcon_core.event_handler.log_command:Invoked command in '/home/joho/Documents/RoboticsAndROS2-LearnByDoingManipulators/build/arduinobot_cpp_examples' returned '0': CMAKE_PREFIX_PATH=${CMAKE_PREFIX_PATH}:/home/joho/Documents/RoboticsAndROS2-LearnByDoingManipulators/arduinobot_ws/install/arduinobot_py_examples:/opt/ros/humble /usr/bin/cmake --build /home/joho/Documents/RoboticsAndROS2-LearnByDoingManipulators/build/arduinobot_cpp_examples -- -j4 -l4
[25.828s] DEBUG:colcon.colcon_core.event_handler.log_command:Invoking command in '/home/joho/Documents/RoboticsAndROS2-LearnByDoingManipulators/build/arduinobot_cpp_examples': CMAKE_PREFIX_PATH=${CMAKE_PREFIX_PATH}:/home/joho/Documents/RoboticsAndROS2-LearnByDoingManipulators/arduinobot_ws/install/arduinobot_py_examples:/opt/ros/humble /usr/bin/cmake --install /home/joho/Documents/RoboticsAndROS2-LearnByDoingManipulators/build/arduinobot_cpp_examples
[25.864s] Level 1:colcon.colcon_core.environment:create_environment_scripts_only(arduinobot_cpp_examples)
[25.865s] Level 1:colcon.colcon_core.environment:checking '/home/joho/Documents/RoboticsAndROS2-LearnByDoingManipulators/install/arduinobot_cpp_examples' for CMake module files
[25.867s] DEBUG:colcon.colcon_core.event_handler.log_command:Invoked command in '/home/joho/Documents/RoboticsAndROS2-LearnByDoingManipulators/build/arduinobot_cpp_examples' returned '0': CMAKE_PREFIX_PATH=${CMAKE_PREFIX_PATH}:/home/joho/Documents/RoboticsAndROS2-LearnByDoingManipulators/arduinobot_ws/install/arduinobot_py_examples:/opt/ros/humble /usr/bin/cmake --install /home/joho/Documents/RoboticsAndROS2-LearnByDoingManipulators/build/arduinobot_cpp_examples
[25.867s] Level 1:colcon.colcon_core.environment:checking '/home/joho/Documents/RoboticsAndROS2-LearnByDoingManipulators/install/arduinobot_cpp_examples' for CMake config files
[25.868s] Level 1:colcon.colcon_core.shell:create_environment_hook('arduinobot_cpp_examples', 'cmake_prefix_path')
[25.868s] INFO:colcon.colcon_core.shell:Creating environment hook '/home/joho/Documents/RoboticsAndROS2-LearnByDoingManipulators/install/arduinobot_cpp_examples/share/arduinobot_cpp_examples/hook/cmake_prefix_path.ps1'
[25.869s] INFO:colcon.colcon_core.shell:Creating environment descriptor '/home/joho/Documents/RoboticsAndROS2-LearnByDoingManipulators/install/arduinobot_cpp_examples/share/arduinobot_cpp_examples/hook/cmake_prefix_path.dsv'
[25.870s] INFO:colcon.colcon_core.shell:Creating environment hook '/home/joho/Documents/RoboticsAndROS2-LearnByDoingManipulators/install/arduinobot_cpp_examples/share/arduinobot_cpp_examples/hook/cmake_prefix_path.sh'
[25.871s] Level 1:colcon.colcon_core.environment:checking '/home/joho/Documents/RoboticsAndROS2-LearnByDoingManipulators/install/arduinobot_cpp_examples/lib'
[25.871s] Level 1:colcon.colcon_core.environment:checking '/home/joho/Documents/RoboticsAndROS2-LearnByDoingManipulators/install/arduinobot_cpp_examples/bin'
[25.872s] Level 1:colcon.colcon_core.environment:checking '/home/joho/Documents/RoboticsAndROS2-LearnByDoingManipulators/install/arduinobot_cpp_examples/lib/pkgconfig/arduinobot_cpp_examples.pc'
[25.873s] Level 1:colcon.colcon_core.environment:checking '/home/joho/Documents/RoboticsAndROS2-LearnByDoingManipulators/install/arduinobot_cpp_examples/lib/python3.10/site-packages'
[25.874s] Level 1:colcon.colcon_core.environment:checking '/home/joho/Documents/RoboticsAndROS2-LearnByDoingManipulators/install/arduinobot_cpp_examples/bin'
[25.875s] INFO:colcon.colcon_core.shell:Creating package script '/home/joho/Documents/RoboticsAndROS2-LearnByDoingManipulators/install/arduinobot_cpp_examples/share/arduinobot_cpp_examples/package.ps1'
[25.877s] INFO:colcon.colcon_core.shell:Creating package descriptor '/home/joho/Documents/RoboticsAndROS2-LearnByDoingManipulators/install/arduinobot_cpp_examples/share/arduinobot_cpp_examples/package.dsv'
[25.878s] INFO:colcon.colcon_core.shell:Creating package script '/home/joho/Documents/RoboticsAndROS2-LearnByDoingManipulators/install/arduinobot_cpp_examples/share/arduinobot_cpp_examples/package.sh'
[25.880s] INFO:colcon.colcon_core.shell:Creating package script '/home/joho/Documents/RoboticsAndROS2-LearnByDoingManipulators/install/arduinobot_cpp_examples/share/arduinobot_cpp_examples/package.bash'
[25.881s] INFO:colcon.colcon_core.shell:Creating package script '/home/joho/Documents/RoboticsAndROS2-LearnByDoingManipulators/install/arduinobot_cpp_examples/share/arduinobot_cpp_examples/package.zsh'
[25.882s] Level 1:colcon.colcon_core.environment:create_file_with_runtime_dependencies(/home/joho/Documents/RoboticsAndROS2-LearnByDoingManipulators/install/arduinobot_cpp_examples/share/colcon-core/packages/arduinobot_cpp_examples)
[25.884s] Level 1:colcon.colcon_core.environment:create_environment_scripts_only(arduinobot_cpp_examples)
[25.885s] Level 1:colcon.colcon_core.environment:checking '/home/joho/Documents/RoboticsAndROS2-LearnByDoingManipulators/install/arduinobot_cpp_examples' for CMake module files
[25.887s] Level 1:colcon.colcon_core.environment:checking '/home/joho/Documents/RoboticsAndROS2-LearnByDoingManipulators/install/arduinobot_cpp_examples' for CMake config files
[25.888s] Level 1:colcon.colcon_core.shell:create_environment_hook('arduinobot_cpp_examples', 'cmake_prefix_path')
[25.889s] INFO:colcon.colcon_core.shell:Creating environment hook '/home/joho/Documents/RoboticsAndROS2-LearnByDoingManipulators/install/arduinobot_cpp_examples/share/arduinobot_cpp_examples/hook/cmake_prefix_path.ps1'
[25.890s] INFO:colcon.colcon_core.shell:Creating environment descriptor '/home/joho/Documents/RoboticsAndROS2-LearnByDoingManipulators/install/arduinobot_cpp_examples/share/arduinobot_cpp_examples/hook/cmake_prefix_path.dsv'
[25.891s] INFO:colcon.colcon_core.shell:Creating environment hook '/home/joho/Documents/RoboticsAndROS2-LearnByDoingManipulators/install/arduinobot_cpp_examples/share/arduinobot_cpp_examples/hook/cmake_prefix_path.sh'
[25.892s] Level 1:colcon.colcon_core.environment:checking '/home/joho/Documents/RoboticsAndROS2-LearnByDoingManipulators/install/arduinobot_cpp_examples/lib'
[25.892s] Level 1:colcon.colcon_core.environment:checking '/home/joho/Documents/RoboticsAndROS2-LearnByDoingManipulators/install/arduinobot_cpp_examples/bin'
[25.893s] Level 1:colcon.colcon_core.environment:checking '/home/joho/Documents/RoboticsAndROS2-LearnByDoingManipulators/install/arduinobot_cpp_examples/lib/pkgconfig/arduinobot_cpp_examples.pc'
[25.893s] Level 1:colcon.colcon_core.environment:checking '/home/joho/Documents/RoboticsAndROS2-LearnByDoingManipulators/install/arduinobot_cpp_examples/lib/python3.10/site-packages'
[25.894s] Level 1:colcon.colcon_core.environment:checking '/home/joho/Documents/RoboticsAndROS2-LearnByDoingManipulators/install/arduinobot_cpp_examples/bin'
[25.895s] INFO:colcon.colcon_core.shell:Creating package script '/home/joho/Documents/RoboticsAndROS2-LearnByDoingManipulators/install/arduinobot_cpp_examples/share/arduinobot_cpp_examples/package.ps1'
[25.897s] INFO:colcon.colcon_core.shell:Creating package descriptor '/home/joho/Documents/RoboticsAndROS2-LearnByDoingManipulators/install/arduinobot_cpp_examples/share/arduinobot_cpp_examples/package.dsv'
[25.898s] INFO:colcon.colcon_core.shell:Creating package script '/home/joho/Documents/RoboticsAndROS2-LearnByDoingManipulators/install/arduinobot_cpp_examples/share/arduinobot_cpp_examples/package.sh'
[25.899s] INFO:colcon.colcon_core.shell:Creating package script '/home/joho/Documents/RoboticsAndROS2-LearnByDoingManipulators/install/arduinobot_cpp_examples/share/arduinobot_cpp_examples/package.bash'
[25.900s] INFO:colcon.colcon_core.shell:Creating package script '/home/joho/Documents/RoboticsAndROS2-LearnByDoingManipulators/install/arduinobot_cpp_examples/share/arduinobot_cpp_examples/package.zsh'
[25.901s] Level 1:colcon.colcon_core.environment:create_file_with_runtime_dependencies(/home/joho/Documents/RoboticsAndROS2-LearnByDoingManipulators/install/arduinobot_cpp_examples/share/colcon-core/packages/arduinobot_cpp_examples)
[25.901s] DEBUG:colcon.colcon_parallel_executor.executor.parallel:closing loop
[25.903s] DEBUG:colcon.colcon_parallel_executor.executor.parallel:loop closed
[25.903s] DEBUG:colcon.colcon_parallel_executor.executor.parallel:run_until_complete finished with '0'
[25.903s] DEBUG:colcon.colcon_core.event_reactor:joining thread
[25.918s] INFO:colcon.colcon_core.plugin_system:Skipping extension 'colcon_notification.desktop_notification.terminal_notifier': Not used on non-Darwin systems
[25.919s] INFO:colcon.colcon_core.plugin_system:Skipping extension 'colcon_notification.desktop_notification.win32': Not used on non-Windows systems
[25.919s] INFO:colcon.colcon_notification.desktop_notification:Sending desktop notification using 'notify2'
[25.948s] DEBUG:colcon.colcon_core.event_reactor:joined thread
[25.949s] INFO:colcon.colcon_core.shell:Creating prefix script '/home/joho/Documents/RoboticsAndROS2-LearnByDoingManipulators/install/local_setup.ps1'
[25.951s] INFO:colcon.colcon_core.shell:Creating prefix util module '/home/joho/Documents/RoboticsAndROS2-LearnByDoingManipulators/install/_local_setup_util_ps1.py'
[25.955s] INFO:colcon.colcon_core.shell:Creating prefix chain script '/home/joho/Documents/RoboticsAndROS2-LearnByDoingManipulators/install/setup.ps1'
[25.957s] INFO:colcon.colcon_core.shell:Creating prefix script '/home/joho/Documents/RoboticsAndROS2-LearnByDoingManipulators/install/local_setup.sh'
[25.959s] INFO:colcon.colcon_core.shell:Creating prefix util module '/home/joho/Documents/RoboticsAndROS2-LearnByDoingManipulators/install/_local_setup_util_sh.py'
[25.960s] INFO:colcon.colcon_core.shell:Creating prefix chain script '/home/joho/Documents/RoboticsAndROS2-LearnByDoingManipulators/install/setup.sh'
[25.963s] INFO:colcon.colcon_core.shell:Creating prefix script '/home/joho/Documents/RoboticsAndROS2-LearnByDoingManipulators/install/local_setup.bash'
[25.964s] INFO:colcon.colcon_core.shell:Creating prefix chain script '/home/joho/Documents/RoboticsAndROS2-LearnByDoingManipulators/install/setup.bash'
[25.967s] INFO:colcon.colcon_core.shell:Creating prefix script '/home/joho/Documents/RoboticsAndROS2-LearnByDoingManipulators/install/local_setup.zsh'
[25.969s] INFO:colcon.colcon_core.shell:Creating prefix chain script '/home/joho/Documents/RoboticsAndROS2-LearnByDoingManipulators/install/setup.zsh'
