[1.099s] Invoking command in '/home/joho/Documents/RoboticsAndROS2-LearnByDoingManipulators/arduinobot_ws/build/arduinobot_utils': CMAKE_PREFIX_PATH=/home/joho/Documents/RoboticsAndROS2-LearnByDoingManipulators/arduinobot_ws/install/arduinobot_msgs:/home/joho/Documents/RoboticsAndROS2-LearnByDoingManipulators/arduinobot_ws/install/arduinobot_utils:/home/joho/Documents/RoboticsAndROS2-LearnByDoingManipulators/arduinobot_ws/install/arduinobot_cpp_examples:/home/joho/Documents/RoboticsAndROS2-LearnByDoingManipulators/arduinobot_ws/install/arduinobot_moveit:/home/joho/Documents/RoboticsAndROS2-LearnByDoingManipulators/arduinobot_ws/install/arduinobot_description:/home/joho/Documents/RoboticsAndROS2-LearnByDoingManipulators/arduinobot_ws/install/arduinobot_controller:/home/joho/Documents/RoboticsAndROS2-LearnByDoingManipulators/arduinobot_ws/install/arduinobot_py_examples:/opt/ros/humble /usr/bin/cmake --build /home/joho/Documents/RoboticsAndROS2-LearnByDoingManipulators/arduinobot_ws/build/arduinobot_utils -- -j4 -l4
[1.438s] [100%] Built target angle_conversion
[1.461s] [100%] Built target ament_cmake_python_copy_arduinobot_utils
[2.475s] running egg_info
[2.484s] writing arduinobot_utils.egg-info/PKG-INFO
[2.485s] writing dependency_links to arduinobot_utils.egg-info/dependency_links.txt
[2.486s] writing top-level names to arduinobot_utils.egg-info/top_level.txt
[2.504s] reading manifest file 'arduinobot_utils.egg-info/SOURCES.txt'
[2.506s] writing manifest file 'arduinobot_utils.egg-info/SOURCES.txt'
[2.619s] [100%] Built target ament_cmake_python_build_arduinobot_utils_egg
[2.658s] Invoked command in '/home/joho/Documents/RoboticsAndROS2-LearnByDoingManipulators/arduinobot_ws/build/arduinobot_utils' returned '0': CMAKE_PREFIX_PATH=/home/joho/Documents/RoboticsAndROS2-LearnByDoingManipulators/arduinobot_ws/install/arduinobot_msgs:/home/joho/Documents/RoboticsAndROS2-LearnByDoingManipulators/arduinobot_ws/install/arduinobot_utils:/home/joho/Documents/RoboticsAndROS2-LearnByDoingManipulators/arduinobot_ws/install/arduinobot_cpp_examples:/home/joho/Documents/RoboticsAndROS2-LearnByDoingManipulators/arduinobot_ws/install/arduinobot_moveit:/home/joho/Documents/RoboticsAndROS2-LearnByDoingManipulators/arduinobot_ws/install/arduinobot_description:/home/joho/Documents/RoboticsAndROS2-LearnByDoingManipulators/arduinobot_ws/install/arduinobot_controller:/home/joho/Documents/RoboticsAndROS2-LearnByDoingManipulators/arduinobot_ws/install/arduinobot_py_examples:/opt/ros/humble /usr/bin/cmake --build /home/joho/Documents/RoboticsAndROS2-LearnByDoingManipulators/arduinobot_ws/build/arduinobot_utils -- -j4 -l4
[2.663s] Invoking command in '/home/joho/Documents/RoboticsAndROS2-LearnByDoingManipulators/arduinobot_ws/build/arduinobot_utils': CMAKE_PREFIX_PATH=/home/joho/Documents/RoboticsAndROS2-LearnByDoingManipulators/arduinobot_ws/install/arduinobot_msgs:/home/joho/Documents/RoboticsAndROS2-LearnByDoingManipulators/arduinobot_ws/install/arduinobot_utils:/home/joho/Documents/RoboticsAndROS2-LearnByDoingManipulators/arduinobot_ws/install/arduinobot_cpp_examples:/home/joho/Documents/RoboticsAndROS2-LearnByDoingManipulators/arduinobot_ws/install/arduinobot_moveit:/home/joho/Documents/RoboticsAndROS2-LearnByDoingManipulators/arduinobot_ws/install/arduinobot_description:/home/joho/Documents/RoboticsAndROS2-LearnByDoingManipulators/arduinobot_ws/install/arduinobot_controller:/home/joho/Documents/RoboticsAndROS2-LearnByDoingManipulators/arduinobot_ws/install/arduinobot_py_examples:/opt/ros/humble /usr/bin/cmake --install /home/joho/Documents/RoboticsAndROS2-LearnByDoingManipulators/arduinobot_ws/build/arduinobot_utils
[2.688s] -- Install configuration: ""
[2.688s] -- Up-to-date: /home/joho/Documents/RoboticsAndROS2-LearnByDoingManipulators/arduinobot_ws/install/arduinobot_utils/share/arduinobot_utils/environment/pythonpath.sh
[2.689s] -- Up-to-date: /home/joho/Documents/RoboticsAndROS2-LearnByDoingManipulators/arduinobot_ws/install/arduinobot_utils/share/arduinobot_utils/environment/pythonpath.dsv
[2.690s] -- Up-to-date: /home/joho/Documents/RoboticsAndROS2-LearnByDoingManipulators/arduinobot_ws/install/arduinobot_utils/local/lib/python3.10/dist-packages/arduinobot_utils-0.0.0-py3.10.egg-info
[2.691s] -- Installing: /home/joho/Documents/RoboticsAndROS2-LearnByDoingManipulators/arduinobot_ws/install/arduinobot_utils/local/lib/python3.10/dist-packages/arduinobot_utils-0.0.0-py3.10.egg-info/dependency_links.txt
[2.691s] -- Installing: /home/joho/Documents/RoboticsAndROS2-LearnByDoingManipulators/arduinobot_ws/install/arduinobot_utils/local/lib/python3.10/dist-packages/arduinobot_utils-0.0.0-py3.10.egg-info/PKG-INFO
[2.692s] -- Installing: /home/joho/Documents/RoboticsAndROS2-LearnByDoingManipulators/arduinobot_ws/install/arduinobot_utils/local/lib/python3.10/dist-packages/arduinobot_utils-0.0.0-py3.10.egg-info/top_level.txt
[2.692s] -- Installing: /home/joho/Documents/RoboticsAndROS2-LearnByDoingManipulators/arduinobot_ws/install/arduinobot_utils/local/lib/python3.10/dist-packages/arduinobot_utils-0.0.0-py3.10.egg-info/SOURCES.txt
[2.692s] -- Up-to-date: /home/joho/Documents/RoboticsAndROS2-LearnByDoingManipulators/arduinobot_ws/install/arduinobot_utils/local/lib/python3.10/dist-packages/arduinobot_utils
[2.693s] -- Up-to-date: /home/joho/Documents/RoboticsAndROS2-LearnByDoingManipulators/arduinobot_ws/install/arduinobot_utils/local/lib/python3.10/dist-packages/arduinobot_utils/__init__.py
[2.694s] -- Up-to-date: /home/joho/Documents/RoboticsAndROS2-LearnByDoingManipulators/arduinobot_ws/install/arduinobot_utils/local/lib/python3.10/dist-packages/arduinobot_utils/angle_conversion.py
[2.797s] Listing '/home/joho/Documents/RoboticsAndROS2-LearnByDoingManipulators/arduinobot_ws/install/arduinobot_utils/local/lib/python3.10/dist-packages/arduinobot_utils'...
[2.812s] -- Up-to-date: /home/joho/Documents/RoboticsAndROS2-LearnByDoingManipulators/arduinobot_ws/install/arduinobot_utils/lib/arduinobot_utils/angle_conversion
[2.814s] -- Up-to-date: /home/joho/Documents/RoboticsAndROS2-LearnByDoingManipulators/arduinobot_ws/install/arduinobot_utils/lib/arduinobot_utils/angle_conversion.py
[2.814s] -- Up-to-date: /home/joho/Documents/RoboticsAndROS2-LearnByDoingManipulators/arduinobot_ws/install/arduinobot_utils/share/ament_index/resource_index/package_run_dependencies/arduinobot_utils
[2.815s] -- Up-to-date: /home/joho/Documents/RoboticsAndROS2-LearnByDoingManipulators/arduinobot_ws/install/arduinobot_utils/share/ament_index/resource_index/parent_prefix_path/arduinobot_utils
[2.815s] -- Up-to-date: /home/joho/Documents/RoboticsAndROS2-LearnByDoingManipulators/arduinobot_ws/install/arduinobot_utils/share/arduinobot_utils/environment/ament_prefix_path.sh
[2.815s] -- Up-to-date: /home/joho/Documents/RoboticsAndROS2-LearnByDoingManipulators/arduinobot_ws/install/arduinobot_utils/share/arduinobot_utils/environment/ament_prefix_path.dsv
[2.815s] -- Up-to-date: /home/joho/Documents/RoboticsAndROS2-LearnByDoingManipulators/arduinobot_ws/install/arduinobot_utils/share/arduinobot_utils/environment/path.sh
[2.816s] -- Up-to-date: /home/joho/Documents/RoboticsAndROS2-LearnByDoingManipulators/arduinobot_ws/install/arduinobot_utils/share/arduinobot_utils/environment/path.dsv
[2.816s] -- Up-to-date: /home/joho/Documents/RoboticsAndROS2-LearnByDoingManipulators/arduinobot_ws/install/arduinobot_utils/share/arduinobot_utils/local_setup.bash
[2.816s] -- Up-to-date: /home/joho/Documents/RoboticsAndROS2-LearnByDoingManipulators/arduinobot_ws/install/arduinobot_utils/share/arduinobot_utils/local_setup.sh
[2.817s] -- Up-to-date: /home/joho/Documents/RoboticsAndROS2-LearnByDoingManipulators/arduinobot_ws/install/arduinobot_utils/share/arduinobot_utils/local_setup.zsh
[2.817s] -- Up-to-date: /home/joho/Documents/RoboticsAndROS2-LearnByDoingManipulators/arduinobot_ws/install/arduinobot_utils/share/arduinobot_utils/local_setup.dsv
[2.817s] -- Installing: /home/joho/Documents/RoboticsAndROS2-LearnByDoingManipulators/arduinobot_ws/install/arduinobot_utils/share/arduinobot_utils/package.dsv
[2.817s] -- Up-to-date: /home/joho/Documents/RoboticsAndROS2-LearnByDoingManipulators/arduinobot_ws/install/arduinobot_utils/share/ament_index/resource_index/packages/arduinobot_utils
[2.818s] -- Up-to-date: /home/joho/Documents/RoboticsAndROS2-LearnByDoingManipulators/arduinobot_ws/install/arduinobot_utils/share/arduinobot_utils/cmake/arduinobot_utilsConfig.cmake
[2.818s] -- Up-to-date: /home/joho/Documents/RoboticsAndROS2-LearnByDoingManipulators/arduinobot_ws/install/arduinobot_utils/share/arduinobot_utils/cmake/arduinobot_utilsConfig-version.cmake
[2.818s] -- Up-to-date: /home/joho/Documents/RoboticsAndROS2-LearnByDoingManipulators/arduinobot_ws/install/arduinobot_utils/share/arduinobot_utils/package.xml
[2.832s] Invoked command in '/home/joho/Documents/RoboticsAndROS2-LearnByDoingManipulators/arduinobot_ws/build/arduinobot_utils' returned '0': CMAKE_PREFIX_PATH=/home/joho/Documents/RoboticsAndROS2-LearnByDoingManipulators/arduinobot_ws/install/arduinobot_msgs:/home/joho/Documents/RoboticsAndROS2-LearnByDoingManipulators/arduinobot_ws/install/arduinobot_utils:/home/joho/Documents/RoboticsAndROS2-LearnByDoingManipulators/arduinobot_ws/install/arduinobot_cpp_examples:/home/joho/Documents/RoboticsAndROS2-LearnByDoingManipulators/arduinobot_ws/install/arduinobot_moveit:/home/joho/Documents/RoboticsAndROS2-LearnByDoingManipulators/arduinobot_ws/install/arduinobot_description:/home/joho/Documents/RoboticsAndROS2-LearnByDoingManipulators/arduinobot_ws/install/arduinobot_controller:/home/joho/Documents/RoboticsAndROS2-LearnByDoingManipulators/arduinobot_ws/install/arduinobot_py_examples:/opt/ros/humble /usr/bin/cmake --install /home/joho/Documents/RoboticsAndROS2-LearnByDoingManipulators/arduinobot_ws/build/arduinobot_utils
