[2.465s] Invoking command in '/home/joho/Documents/RoboticsAndROS2-LearnByDoingManipulators/arduinobot_ws/src/arduinobot_py_examples': CMAKE_PREFIX_PATH=/home/joho/Documents/RoboticsAndROS2-LearnByDoingManipulators/arduinobot_ws/install/arduinobot_msgs:/home/joho/Documents/RoboticsAndROS2-LearnByDoingManipulators/arduinobot_ws/install/arduinobot_utils:/home/joho/Documents/RoboticsAndROS2-LearnByDoingManipulators/arduinobot_ws/install/arduinobot_cpp_examples:/home/joho/Documents/RoboticsAndROS2-LearnByDoingManipulators/arduinobot_ws/install/arduinobot_description:/home/joho/Documents/RoboticsAndROS2-LearnByDoingManipulators/arduinobot_ws/install/arduinobot_controller PYTHONPATH=/home/joho/Documents/RoboticsAndROS2-LearnByDoingManipulators/arduinobot_ws/build/arduinobot_py_examples/prefix_override:/usr/lib/python3/dist-packages/colcon_core/task/python/colcon_distutils_commands:/home/joho/Documents/RoboticsAndROS2-LearnByDoingManipulators/arduinobot_ws/install/arduinobot_py_examples/lib/python3.10/site-packages:${PYTHONPATH} /usr/bin/python3 -W ignore:setup.py install is deprecated -W ignore:easy_install command is deprecated setup.py egg_info --egg-base ../../build/arduinobot_py_examples build --build-base /home/joho/Documents/RoboticsAndROS2-LearnByDoingManipulators/arduinobot_ws/build/arduinobot_py_examples/build install --record /home/joho/Documents/RoboticsAndROS2-LearnByDoingManipulators/arduinobot_ws/build/arduinobot_py_examples/install.log --single-version-externally-managed install_data
[3.428s] running egg_info
[3.429s] writing ../../build/arduinobot_py_examples/arduinobot_py_examples.egg-info/PKG-INFO
[3.432s] writing dependency_links to ../../build/arduinobot_py_examples/arduinobot_py_examples.egg-info/dependency_links.txt
[3.432s] writing entry points to ../../build/arduinobot_py_examples/arduinobot_py_examples.egg-info/entry_points.txt
[3.432s] writing requirements to ../../build/arduinobot_py_examples/arduinobot_py_examples.egg-info/requires.txt
[3.433s] writing top-level names to ../../build/arduinobot_py_examples/arduinobot_py_examples.egg-info/top_level.txt
[3.442s] reading manifest file '../../build/arduinobot_py_examples/arduinobot_py_examples.egg-info/SOURCES.txt'
[3.445s] writing manifest file '../../build/arduinobot_py_examples/arduinobot_py_examples.egg-info/SOURCES.txt'
[3.446s] running build
[3.446s] running build_py
[3.446s] running install
[3.447s] running install_lib
[3.452s] running install_data
[3.452s] running install_egg_info
[3.458s] removing '/home/joho/Documents/RoboticsAndROS2-LearnByDoingManipulators/arduinobot_ws/install/arduinobot_py_examples/lib/python3.10/site-packages/arduinobot_py_examples-0.0.0-py3.10.egg-info' (and everything under it)
[3.458s] Copying ../../build/arduinobot_py_examples/arduinobot_py_examples.egg-info to /home/joho/Documents/RoboticsAndROS2-LearnByDoingManipulators/arduinobot_ws/install/arduinobot_py_examples/lib/python3.10/site-packages/arduinobot_py_examples-0.0.0-py3.10.egg-info
[3.464s] running install_scripts
[3.527s] Installing simple_parameter script to /home/joho/Documents/RoboticsAndROS2-LearnByDoingManipulators/arduinobot_ws/install/arduinobot_py_examples/lib/arduinobot_py_examples
[3.528s] Installing simple_publisher script to /home/joho/Documents/RoboticsAndROS2-LearnByDoingManipulators/arduinobot_ws/install/arduinobot_py_examples/lib/arduinobot_py_examples
[3.528s] Installing simple_service_client script to /home/joho/Documents/RoboticsAndROS2-LearnByDoingManipulators/arduinobot_ws/install/arduinobot_py_examples/lib/arduinobot_py_examples
[3.529s] Installing simple_service_server script to /home/joho/Documents/RoboticsAndROS2-LearnByDoingManipulators/arduinobot_ws/install/arduinobot_py_examples/lib/arduinobot_py_examples
[3.529s] Installing simple_subscriber script to /home/joho/Documents/RoboticsAndROS2-LearnByDoingManipulators/arduinobot_ws/install/arduinobot_py_examples/lib/arduinobot_py_examples
[3.533s] writing list of installed files to '/home/joho/Documents/RoboticsAndROS2-LearnByDoingManipulators/arduinobot_ws/build/arduinobot_py_examples/install.log'
[3.603s] Invoked command in '/home/joho/Documents/RoboticsAndROS2-LearnByDoingManipulators/arduinobot_ws/src/arduinobot_py_examples' returned '0': CMAKE_PREFIX_PATH=/home/joho/Documents/RoboticsAndROS2-LearnByDoingManipulators/arduinobot_ws/install/arduinobot_msgs:/home/joho/Documents/RoboticsAndROS2-LearnByDoingManipulators/arduinobot_ws/install/arduinobot_utils:/home/joho/Documents/RoboticsAndROS2-LearnByDoingManipulators/arduinobot_ws/install/arduinobot_cpp_examples:/home/joho/Documents/RoboticsAndROS2-LearnByDoingManipulators/arduinobot_ws/install/arduinobot_description:/home/joho/Documents/RoboticsAndROS2-LearnByDoingManipulators/arduinobot_ws/install/arduinobot_controller PYTHONPATH=/home/joho/Documents/RoboticsAndROS2-LearnByDoingManipulators/arduinobot_ws/build/arduinobot_py_examples/prefix_override:/usr/lib/python3/dist-packages/colcon_core/task/python/colcon_distutils_commands:/home/joho/Documents/RoboticsAndROS2-LearnByDoingManipulators/arduinobot_ws/install/arduinobot_py_examples/lib/python3.10/site-packages:${PYTHONPATH} /usr/bin/python3 -W ignore:setup.py install is deprecated -W ignore:easy_install command is deprecated setup.py egg_info --egg-base ../../build/arduinobot_py_examples build --build-base /home/joho/Documents/RoboticsAndROS2-LearnByDoingManipulators/arduinobot_ws/build/arduinobot_py_examples/build install --record /home/joho/Documents/RoboticsAndROS2-LearnByDoingManipulators/arduinobot_ws/build/arduinobot_py_examples/install.log --single-version-externally-managed install_data
