[0.057s] Invoking command in '/home/joho/Documents/RoboticsAndROS2-LearnByDoingManipulators/build/arduinobot_description': CMAKE_PREFIX_PATH=${CMAKE_PREFIX_PATH}:/home/joho/Documents/RoboticsAndROS2-LearnByDoingManipulators/arduinobot_ws/install/arduinobot_py_examples:/opt/ros/humble /usr/bin/cmake --build /home/joho/Documents/RoboticsAndROS2-LearnByDoingManipulators/build/arduinobot_description -- -j4 -l4
[0.114s] -- Found ament_cmake: 1.3.12 (/opt/ros/humble/share/ament_cmake/cmake)
[0.495s] -- Found urdf: 2.6.1 (/opt/ros/humble/share/urdf/cmake)
[0.636s] -- Found ament_lint_auto: 0.12.14 (/opt/ros/humble/share/ament_lint_auto/cmake)
[0.848s] -- Added test 'flake8' to check Python code syntax and style conventions
[0.851s] -- Added test 'lint_cmake' to check CMake code style
[0.854s] -- Added test 'pep257' to check Python code against some of the docstring style conventions in PEP 257
[0.857s] -- Added test 'xmllint' to check XML markup files
[0.861s] -- Configuring done
[0.871s] -- Generating done
[0.878s] -- Build files have been written to: /home/joho/Documents/RoboticsAndROS2-LearnByDoingManipulators/build/arduinobot_description
[0.935s] Invoked command in '/home/joho/Documents/RoboticsAndROS2-LearnByDoingManipulators/build/arduinobot_description' returned '0': CMAKE_PREFIX_PATH=${CMAKE_PREFIX_PATH}:/home/joho/Documents/RoboticsAndROS2-LearnByDoingManipulators/arduinobot_ws/install/arduinobot_py_examples:/opt/ros/humble /usr/bin/cmake --build /home/joho/Documents/RoboticsAndROS2-LearnByDoingManipulators/build/arduinobot_description -- -j4 -l4
[0.961s] Invoking command in '/home/joho/Documents/RoboticsAndROS2-LearnByDoingManipulators/build/arduinobot_description': CMAKE_PREFIX_PATH=${CMAKE_PREFIX_PATH}:/home/joho/Documents/RoboticsAndROS2-LearnByDoingManipulators/arduinobot_ws/install/arduinobot_py_examples:/opt/ros/humble /usr/bin/cmake --install /home/joho/Documents/RoboticsAndROS2-LearnByDoingManipulators/build/arduinobot_description
[0.976s] -- Install configuration: ""
[0.982s] -- Up-to-date: /home/joho/Documents/RoboticsAndROS2-LearnByDoingManipulators/install/arduinobot_description/share/arduinobot_description/meshes
[0.983s] -- Up-to-date: /home/joho/Documents/RoboticsAndROS2-LearnByDoingManipulators/install/arduinobot_description/share/arduinobot_description/meshes/forward_drive_arm.STL
[0.983s] -- Up-to-date: /home/joho/Documents/RoboticsAndROS2-LearnByDoingManipulators/install/arduinobot_description/share/arduinobot_description/meshes/right_finger.STL
[0.983s] -- Up-to-date: /home/joho/Documents/RoboticsAndROS2-LearnByDoingManipulators/install/arduinobot_description/share/arduinobot_description/meshes/round_plate.STL
[0.983s] -- Installing: /home/joho/Documents/RoboticsAndROS2-LearnByDoingManipulators/install/arduinobot_description/share/arduinobot_description/meshes/pi_camera.STL
[0.983s] -- Up-to-date: /home/joho/Documents/RoboticsAndROS2-LearnByDoingManipulators/install/arduinobot_description/share/arduinobot_description/meshes/link.STL
[0.984s] -- Up-to-date: /home/joho/Documents/RoboticsAndROS2-LearnByDoingManipulators/install/arduinobot_description/share/arduinobot_description/meshes/servo_plate.STL
[0.986s] -- Up-to-date: /home/joho/Documents/RoboticsAndROS2-LearnByDoingManipulators/install/arduinobot_description/share/arduinobot_description/meshes/basement.STL
[0.987s] -- Up-to-date: /home/joho/Documents/RoboticsAndROS2-LearnByDoingManipulators/install/arduinobot_description/share/arduinobot_description/meshes/plate.STL
[0.987s] -- Up-to-date: /home/joho/Documents/RoboticsAndROS2-LearnByDoingManipulators/install/arduinobot_description/share/arduinobot_description/meshes/left_finger.STL
[0.987s] -- Up-to-date: /home/joho/Documents/RoboticsAndROS2-LearnByDoingManipulators/install/arduinobot_description/share/arduinobot_description/meshes/horizontal_arm.STL
[0.988s] -- Up-to-date: /home/joho/Documents/RoboticsAndROS2-LearnByDoingManipulators/install/arduinobot_description/share/arduinobot_description/meshes/vertical_drive_arm.STL
[0.988s] -- Up-to-date: /home/joho/Documents/RoboticsAndROS2-LearnByDoingManipulators/install/arduinobot_description/share/arduinobot_description/meshes/claw_support.STL
[0.990s] -- Up-to-date: /home/joho/Documents/RoboticsAndROS2-LearnByDoingManipulators/install/arduinobot_description/share/arduinobot_description/meshes/base_plate.STL
[0.993s] -- Up-to-date: /home/joho/Documents/RoboticsAndROS2-LearnByDoingManipulators/install/arduinobot_description/share/arduinobot_description/meshes/triangular_link.STL
[0.993s] -- Up-to-date: /home/joho/Documents/RoboticsAndROS2-LearnByDoingManipulators/install/arduinobot_description/share/arduinobot_description/urdf
[0.993s] -- Installing: /home/joho/Documents/RoboticsAndROS2-LearnByDoingManipulators/install/arduinobot_description/share/arduinobot_description/urdf/arduinobot.urdf.xacro
[0.993s] -- Installing: /home/joho/Documents/RoboticsAndROS2-LearnByDoingManipulators/install/arduinobot_description/share/arduinobot_description/launch
[0.993s] -- Installing: /home/joho/Documents/RoboticsAndROS2-LearnByDoingManipulators/install/arduinobot_description/share/arduinobot_description/launch/display.launch.py
[0.994s] -- Installing: /home/joho/Documents/RoboticsAndROS2-LearnByDoingManipulators/install/arduinobot_description/share/arduinobot_description/rviz
[0.994s] -- Installing: /home/joho/Documents/RoboticsAndROS2-LearnByDoingManipulators/install/arduinobot_description/share/arduinobot_description/rviz/display.rviz
[0.994s] -- Installing: /home/joho/Documents/RoboticsAndROS2-LearnByDoingManipulators/install/arduinobot_description/share/ament_index/resource_index/package_run_dependencies/arduinobot_description
[0.994s] -- Installing: /home/joho/Documents/RoboticsAndROS2-LearnByDoingManipulators/install/arduinobot_description/share/ament_index/resource_index/parent_prefix_path/arduinobot_description
[0.995s] -- Up-to-date: /home/joho/Documents/RoboticsAndROS2-LearnByDoingManipulators/install/arduinobot_description/share/arduinobot_description/environment/ament_prefix_path.sh
[0.995s] -- Installing: /home/joho/Documents/RoboticsAndROS2-LearnByDoingManipulators/install/arduinobot_description/share/arduinobot_description/environment/ament_prefix_path.dsv
[0.996s] -- Up-to-date: /home/joho/Documents/RoboticsAndROS2-LearnByDoingManipulators/install/arduinobot_description/share/arduinobot_description/environment/path.sh
[0.996s] -- Installing: /home/joho/Documents/RoboticsAndROS2-LearnByDoingManipulators/install/arduinobot_description/share/arduinobot_description/environment/path.dsv
[0.997s] -- Up-to-date: /home/joho/Documents/RoboticsAndROS2-LearnByDoingManipulators/install/arduinobot_description/share/arduinobot_description/local_setup.bash
[0.997s] -- Up-to-date: /home/joho/Documents/RoboticsAndROS2-LearnByDoingManipulators/install/arduinobot_description/share/arduinobot_description/local_setup.sh
[1.000s] -- Up-to-date: /home/joho/Documents/RoboticsAndROS2-LearnByDoingManipulators/install/arduinobot_description/share/arduinobot_description/local_setup.zsh
[1.001s] -- Installing: /home/joho/Documents/RoboticsAndROS2-LearnByDoingManipulators/install/arduinobot_description/share/arduinobot_description/local_setup.dsv
[1.001s] -- Installing: /home/joho/Documents/RoboticsAndROS2-LearnByDoingManipulators/install/arduinobot_description/share/arduinobot_description/package.dsv
[1.001s] -- Up-to-date: /home/joho/Documents/RoboticsAndROS2-LearnByDoingManipulators/install/arduinobot_description/share/ament_index/resource_index/packages/arduinobot_description
[1.001s] -- Up-to-date: /home/joho/Documents/RoboticsAndROS2-LearnByDoingManipulators/install/arduinobot_description/share/arduinobot_description/cmake/arduinobot_descriptionConfig.cmake
[1.002s] -- Up-to-date: /home/joho/Documents/RoboticsAndROS2-LearnByDoingManipulators/install/arduinobot_description/share/arduinobot_description/cmake/arduinobot_descriptionConfig-version.cmake
[1.002s] -- Installing: /home/joho/Documents/RoboticsAndROS2-LearnByDoingManipulators/install/arduinobot_description/share/arduinobot_description/package.xml
[1.002s] Invoked command in '/home/joho/Documents/RoboticsAndROS2-LearnByDoingManipulators/build/arduinobot_description' returned '0': CMAKE_PREFIX_PATH=${CMAKE_PREFIX_PATH}:/home/joho/Documents/RoboticsAndROS2-LearnByDoingManipulators/arduinobot_ws/install/arduinobot_py_examples:/opt/ros/humble /usr/bin/cmake --install /home/joho/Documents/RoboticsAndROS2-LearnByDoingManipulators/build/arduinobot_description
