[0.986s] Invoking command in '/home/joho/Documents/RoboticsAndROS2-LearnByDoingManipulators/arduinobot_ws/build/arduinobot_utils': CMAKE_PREFIX_PATH=/home/joho/Documents/RoboticsAndROS2-LearnByDoingManipulators/arduinobot_ws/install/arduinobot_msgs:/home/joho/Documents/RoboticsAndROS2-LearnByDoingManipulators/arduinobot_ws/install/arduinobot_utils:/home/joho/Documents/RoboticsAndROS2-LearnByDoingManipulators/arduinobot_ws/install/arduinobot_remote:/home/joho/Documents/RoboticsAndROS2-LearnByDoingManipulators/arduinobot_ws/install/arduinobot_cpp_examples:/home/joho/Documents/RoboticsAndROS2-LearnByDoingManipulators/arduinobot_ws/install/arduinobot_moveit:/home/joho/Documents/RoboticsAndROS2-LearnByDoingManipulators/arduinobot_ws/install/arduinobot_description:/home/joho/Documents/RoboticsAndROS2-LearnByDoingManipulators/arduinobot_ws/install/arduinobot_controller:/home/joho/Documents/RoboticsAndROS2-LearnByDoingManipulators/arduinobot_ws/install/arduinobot_py_examples:/opt/ros/humble LD_LIBRARY_PATH=/home/joho/Documents/RoboticsAndROS2-LearnByDoingManipulators/arduinobot_ws/install/arduinobot_msgs/lib:/home/joho/Documents/RoboticsAndROS2-LearnByDoingManipulators/arduinobot_ws/install/arduinobot_cpp_examples/lib:/opt/ros/humble/opt/rviz_ogre_vendor/lib:/opt/ros/humble/lib/x86_64-linux-gnu:/opt/ros/humble/lib /usr/bin/cmake --build /home/joho/Documents/RoboticsAndROS2-LearnByDoingManipulators/arduinobot_ws/build/arduinobot_utils -- -j4 -l4
[1.291s] [  0%] Built target ament_cmake_python_symlink_arduinobot_utils
[1.304s] [100%] Built target angle_conversion
[2.317s] running egg_info
[2.321s] writing arduinobot_utils.egg-info/PKG-INFO
[2.322s] writing dependency_links to arduinobot_utils.egg-info/dependency_links.txt
[2.324s] writing top-level names to arduinobot_utils.egg-info/top_level.txt
[2.336s] reading manifest file 'arduinobot_utils.egg-info/SOURCES.txt'
[2.337s] writing manifest file 'arduinobot_utils.egg-info/SOURCES.txt'
[2.433s] [100%] Built target ament_cmake_python_build_arduinobot_utils_egg
[2.482s] Invoked command in '/home/joho/Documents/RoboticsAndROS2-LearnByDoingManipulators/arduinobot_ws/build/arduinobot_utils' returned '0': CMAKE_PREFIX_PATH=/home/joho/Documents/RoboticsAndROS2-LearnByDoingManipulators/arduinobot_ws/install/arduinobot_msgs:/home/joho/Documents/RoboticsAndROS2-LearnByDoingManipulators/arduinobot_ws/install/arduinobot_utils:/home/joho/Documents/RoboticsAndROS2-LearnByDoingManipulators/arduinobot_ws/install/arduinobot_remote:/home/joho/Documents/RoboticsAndROS2-LearnByDoingManipulators/arduinobot_ws/install/arduinobot_cpp_examples:/home/joho/Documents/RoboticsAndROS2-LearnByDoingManipulators/arduinobot_ws/install/arduinobot_moveit:/home/joho/Documents/RoboticsAndROS2-LearnByDoingManipulators/arduinobot_ws/install/arduinobot_description:/home/joho/Documents/RoboticsAndROS2-LearnByDoingManipulators/arduinobot_ws/install/arduinobot_controller:/home/joho/Documents/RoboticsAndROS2-LearnByDoingManipulators/arduinobot_ws/install/arduinobot_py_examples:/opt/ros/humble LD_LIBRARY_PATH=/home/joho/Documents/RoboticsAndROS2-LearnByDoingManipulators/arduinobot_ws/install/arduinobot_msgs/lib:/home/joho/Documents/RoboticsAndROS2-LearnByDoingManipulators/arduinobot_ws/install/arduinobot_cpp_examples/lib:/opt/ros/humble/opt/rviz_ogre_vendor/lib:/opt/ros/humble/lib/x86_64-linux-gnu:/opt/ros/humble/lib /usr/bin/cmake --build /home/joho/Documents/RoboticsAndROS2-LearnByDoingManipulators/arduinobot_ws/build/arduinobot_utils -- -j4 -l4
[2.485s] Invoking command in '/home/joho/Documents/RoboticsAndROS2-LearnByDoingManipulators/arduinobot_ws/build/arduinobot_utils': CMAKE_PREFIX_PATH=/home/joho/Documents/RoboticsAndROS2-LearnByDoingManipulators/arduinobot_ws/install/arduinobot_msgs:/home/joho/Documents/RoboticsAndROS2-LearnByDoingManipulators/arduinobot_ws/install/arduinobot_utils:/home/joho/Documents/RoboticsAndROS2-LearnByDoingManipulators/arduinobot_ws/install/arduinobot_remote:/home/joho/Documents/RoboticsAndROS2-LearnByDoingManipulators/arduinobot_ws/install/arduinobot_cpp_examples:/home/joho/Documents/RoboticsAndROS2-LearnByDoingManipulators/arduinobot_ws/install/arduinobot_moveit:/home/joho/Documents/RoboticsAndROS2-LearnByDoingManipulators/arduinobot_ws/install/arduinobot_description:/home/joho/Documents/RoboticsAndROS2-LearnByDoingManipulators/arduinobot_ws/install/arduinobot_controller:/home/joho/Documents/RoboticsAndROS2-LearnByDoingManipulators/arduinobot_ws/install/arduinobot_py_examples:/opt/ros/humble LD_LIBRARY_PATH=/home/joho/Documents/RoboticsAndROS2-LearnByDoingManipulators/arduinobot_ws/install/arduinobot_msgs/lib:/home/joho/Documents/RoboticsAndROS2-LearnByDoingManipulators/arduinobot_ws/install/arduinobot_cpp_examples/lib:/opt/ros/humble/opt/rviz_ogre_vendor/lib:/opt/ros/humble/lib/x86_64-linux-gnu:/opt/ros/humble/lib /usr/bin/cmake --install /home/joho/Documents/RoboticsAndROS2-LearnByDoingManipulators/arduinobot_ws/build/arduinobot_utils
[2.516s] -- Install configuration: ""
[2.518s] -- Execute custom install script
[2.518s] -- Up-to-date symlink: /home/joho/Documents/RoboticsAndROS2-LearnByDoingManipulators/arduinobot_ws/install/arduinobot_utils/share/arduinobot_utils/environment/pythonpath.sh
[2.521s] -- Up-to-date symlink: /home/joho/Documents/RoboticsAndROS2-LearnByDoingManipulators/arduinobot_ws/install/arduinobot_utils/share/arduinobot_utils/environment/pythonpath.dsv
[2.521s] -- Up-to-date symlink: /home/joho/Documents/RoboticsAndROS2-LearnByDoingManipulators/arduinobot_ws/install/arduinobot_utils/local/lib/python3.10/dist-packages/arduinobot_utils-0.0.0-py3.10.egg-info/PKG-INFO
[2.522s] -- Up-to-date symlink: /home/joho/Documents/RoboticsAndROS2-LearnByDoingManipulators/arduinobot_ws/install/arduinobot_utils/local/lib/python3.10/dist-packages/arduinobot_utils-0.0.0-py3.10.egg-info/SOURCES.txt
[2.522s] -- Up-to-date symlink: /home/joho/Documents/RoboticsAndROS2-LearnByDoingManipulators/arduinobot_ws/install/arduinobot_utils/local/lib/python3.10/dist-packages/arduinobot_utils-0.0.0-py3.10.egg-info/dependency_links.txt
[2.522s] -- Up-to-date symlink: /home/joho/Documents/RoboticsAndROS2-LearnByDoingManipulators/arduinobot_ws/install/arduinobot_utils/local/lib/python3.10/dist-packages/arduinobot_utils-0.0.0-py3.10.egg-info/top_level.txt
[2.524s] -- Up-to-date symlink: /home/joho/Documents/RoboticsAndROS2-LearnByDoingManipulators/arduinobot_ws/install/arduinobot_utils/local/lib/python3.10/dist-packages/arduinobot_utils/__init__.py
[2.524s] -- Up-to-date symlink: /home/joho/Documents/RoboticsAndROS2-LearnByDoingManipulators/arduinobot_ws/install/arduinobot_utils/local/lib/python3.10/dist-packages/arduinobot_utils/angle_conversion.py
[2.525s] -- Up-to-date symlink: /home/joho/Documents/RoboticsAndROS2-LearnByDoingManipulators/arduinobot_ws/install/arduinobot_utils/lib/arduinobot_utils/angle_conversion
[2.527s] -- Up-to-date symlink: /home/joho/Documents/RoboticsAndROS2-LearnByDoingManipulators/arduinobot_ws/install/arduinobot_utils/lib/arduinobot_utils/angle_conversion.py
[2.528s] -- Up-to-date symlink: /home/joho/Documents/RoboticsAndROS2-LearnByDoingManipulators/arduinobot_ws/install/arduinobot_utils/share/ament_index/resource_index/package_run_dependencies/arduinobot_utils
[2.532s] -- Up-to-date symlink: /home/joho/Documents/RoboticsAndROS2-LearnByDoingManipulators/arduinobot_ws/install/arduinobot_utils/share/ament_index/resource_index/parent_prefix_path/arduinobot_utils
[2.532s] -- Up-to-date symlink: /home/joho/Documents/RoboticsAndROS2-LearnByDoingManipulators/arduinobot_ws/install/arduinobot_utils/share/arduinobot_utils/environment/ament_prefix_path.sh
[2.532s] -- Up-to-date symlink: /home/joho/Documents/RoboticsAndROS2-LearnByDoingManipulators/arduinobot_ws/install/arduinobot_utils/share/arduinobot_utils/environment/ament_prefix_path.dsv
[2.533s] -- Up-to-date symlink: /home/joho/Documents/RoboticsAndROS2-LearnByDoingManipulators/arduinobot_ws/install/arduinobot_utils/share/arduinobot_utils/environment/path.sh
[2.533s] -- Up-to-date symlink: /home/joho/Documents/RoboticsAndROS2-LearnByDoingManipulators/arduinobot_ws/install/arduinobot_utils/share/arduinobot_utils/environment/path.dsv
[2.533s] -- Up-to-date symlink: /home/joho/Documents/RoboticsAndROS2-LearnByDoingManipulators/arduinobot_ws/install/arduinobot_utils/share/arduinobot_utils/local_setup.bash
[2.533s] -- Up-to-date symlink: /home/joho/Documents/RoboticsAndROS2-LearnByDoingManipulators/arduinobot_ws/install/arduinobot_utils/share/arduinobot_utils/local_setup.sh
[2.538s] -- Up-to-date symlink: /home/joho/Documents/RoboticsAndROS2-LearnByDoingManipulators/arduinobot_ws/install/arduinobot_utils/share/arduinobot_utils/local_setup.zsh
[2.540s] -- Up-to-date symlink: /home/joho/Documents/RoboticsAndROS2-LearnByDoingManipulators/arduinobot_ws/install/arduinobot_utils/share/arduinobot_utils/local_setup.dsv
[2.540s] -- Up-to-date symlink: /home/joho/Documents/RoboticsAndROS2-LearnByDoingManipulators/arduinobot_ws/install/arduinobot_utils/share/arduinobot_utils/package.dsv
[2.540s] -- Up-to-date symlink: /home/joho/Documents/RoboticsAndROS2-LearnByDoingManipulators/arduinobot_ws/install/arduinobot_utils/share/ament_index/resource_index/packages/arduinobot_utils
[2.541s] -- Up-to-date symlink: /home/joho/Documents/RoboticsAndROS2-LearnByDoingManipulators/arduinobot_ws/install/arduinobot_utils/share/arduinobot_utils/cmake/arduinobot_utilsConfig.cmake
[2.541s] -- Up-to-date symlink: /home/joho/Documents/RoboticsAndROS2-LearnByDoingManipulators/arduinobot_ws/install/arduinobot_utils/share/arduinobot_utils/cmake/arduinobot_utilsConfig-version.cmake
[2.541s] -- Up-to-date symlink: /home/joho/Documents/RoboticsAndROS2-LearnByDoingManipulators/arduinobot_ws/install/arduinobot_utils/share/arduinobot_utils/package.xml
[2.659s] Listing '/home/joho/Documents/RoboticsAndROS2-LearnByDoingManipulators/arduinobot_ws/install/arduinobot_utils/local/lib/python3.10/dist-packages/arduinobot_utils'...
[2.678s] Invoked command in '/home/joho/Documents/RoboticsAndROS2-LearnByDoingManipulators/arduinobot_ws/build/arduinobot_utils' returned '0': CMAKE_PREFIX_PATH=/home/joho/Documents/RoboticsAndROS2-LearnByDoingManipulators/arduinobot_ws/install/arduinobot_msgs:/home/joho/Documents/RoboticsAndROS2-LearnByDoingManipulators/arduinobot_ws/install/arduinobot_utils:/home/joho/Documents/RoboticsAndROS2-LearnByDoingManipulators/arduinobot_ws/install/arduinobot_remote:/home/joho/Documents/RoboticsAndROS2-LearnByDoingManipulators/arduinobot_ws/install/arduinobot_cpp_examples:/home/joho/Documents/RoboticsAndROS2-LearnByDoingManipulators/arduinobot_ws/install/arduinobot_moveit:/home/joho/Documents/RoboticsAndROS2-LearnByDoingManipulators/arduinobot_ws/install/arduinobot_description:/home/joho/Documents/RoboticsAndROS2-LearnByDoingManipulators/arduinobot_ws/install/arduinobot_controller:/home/joho/Documents/RoboticsAndROS2-LearnByDoingManipulators/arduinobot_ws/install/arduinobot_py_examples:/opt/ros/humble LD_LIBRARY_PATH=/home/joho/Documents/RoboticsAndROS2-LearnByDoingManipulators/arduinobot_ws/install/arduinobot_msgs/lib:/home/joho/Documents/RoboticsAndROS2-LearnByDoingManipulators/arduinobot_ws/install/arduinobot_cpp_examples/lib:/opt/ros/humble/opt/rviz_ogre_vendor/lib:/opt/ros/humble/lib/x86_64-linux-gnu:/opt/ros/humble/lib /usr/bin/cmake --install /home/joho/Documents/RoboticsAndROS2-LearnByDoingManipulators/arduinobot_ws/build/arduinobot_utils
