[0.094s] Invoking command in '/home/joho/Documents/RoboticsAndROS2-LearnByDoingManipulators/arduinobot_ws/build/arduinobot_firmware': CMAKE_PREFIX_PATH=${CMAKE_PREFIX_PATH}:/home/joho/Documents/RoboticsAndROS2-LearnByDoingManipulators/arduinobot_ws/install/arduinobot_py_examples:/opt/ros/humble /usr/bin/cmake --build /home/joho/Documents/RoboticsAndROS2-LearnByDoingManipulators/arduinobot_ws/build/arduinobot_firmware -- -j4 -l4
[0.357s] [ 50%] Built target simple_serial_transmitter
[0.391s] [ 50%] Built target ament_cmake_python_copy_arduinobot_firmware
[0.392s] [100%] Built target simple_serial_receiver
[1.365s] running egg_info
[1.367s] writing arduinobot_firmware.egg-info/PKG-INFO
[1.372s] writing dependency_links to arduinobot_firmware.egg-info/dependency_links.txt
[1.373s] writing top-level names to arduinobot_firmware.egg-info/top_level.txt
[1.379s] reading manifest file 'arduinobot_firmware.egg-info/SOURCES.txt'
[1.382s] writing manifest file 'arduinobot_firmware.egg-info/SOURCES.txt'
[1.472s] [100%] Built target ament_cmake_python_build_arduinobot_firmware_egg
[1.591s] Invoked command in '/home/joho/Documents/RoboticsAndROS2-LearnByDoingManipulators/arduinobot_ws/build/arduinobot_firmware' returned '0': CMAKE_PREFIX_PATH=${CMAKE_PREFIX_PATH}:/home/joho/Documents/RoboticsAndROS2-LearnByDoingManipulators/arduinobot_ws/install/arduinobot_py_examples:/opt/ros/humble /usr/bin/cmake --build /home/joho/Documents/RoboticsAndROS2-LearnByDoingManipulators/arduinobot_ws/build/arduinobot_firmware -- -j4 -l4
[1.596s] Invoking command in '/home/joho/Documents/RoboticsAndROS2-LearnByDoingManipulators/arduinobot_ws/build/arduinobot_firmware': CMAKE_PREFIX_PATH=${CMAKE_PREFIX_PATH}:/home/joho/Documents/RoboticsAndROS2-LearnByDoingManipulators/arduinobot_ws/install/arduinobot_py_examples:/opt/ros/humble /usr/bin/cmake --install /home/joho/Documents/RoboticsAndROS2-LearnByDoingManipulators/arduinobot_ws/build/arduinobot_firmware
[1.618s] -- Install configuration: ""
[1.619s] -- Up-to-date: /home/joho/Documents/RoboticsAndROS2-LearnByDoingManipulators/arduinobot_ws/install/arduinobot_firmware/share/arduinobot_firmware/environment/pythonpath.sh
[1.619s] -- Up-to-date: /home/joho/Documents/RoboticsAndROS2-LearnByDoingManipulators/arduinobot_ws/install/arduinobot_firmware/share/arduinobot_firmware/environment/pythonpath.dsv
[1.619s] -- Up-to-date: /home/joho/Documents/RoboticsAndROS2-LearnByDoingManipulators/arduinobot_ws/install/arduinobot_firmware/local/lib/python3.10/dist-packages/arduinobot_firmware-0.0.0-py3.10.egg-info
[1.619s] -- Installing: /home/joho/Documents/RoboticsAndROS2-LearnByDoingManipulators/arduinobot_ws/install/arduinobot_firmware/local/lib/python3.10/dist-packages/arduinobot_firmware-0.0.0-py3.10.egg-info/dependency_links.txt
[1.620s] -- Installing: /home/joho/Documents/RoboticsAndROS2-LearnByDoingManipulators/arduinobot_ws/install/arduinobot_firmware/local/lib/python3.10/dist-packages/arduinobot_firmware-0.0.0-py3.10.egg-info/PKG-INFO
[1.620s] -- Installing: /home/joho/Documents/RoboticsAndROS2-LearnByDoingManipulators/arduinobot_ws/install/arduinobot_firmware/local/lib/python3.10/dist-packages/arduinobot_firmware-0.0.0-py3.10.egg-info/top_level.txt
[1.620s] -- Installing: /home/joho/Documents/RoboticsAndROS2-LearnByDoingManipulators/arduinobot_ws/install/arduinobot_firmware/local/lib/python3.10/dist-packages/arduinobot_firmware-0.0.0-py3.10.egg-info/SOURCES.txt
[1.621s] -- Up-to-date: /home/joho/Documents/RoboticsAndROS2-LearnByDoingManipulators/arduinobot_ws/install/arduinobot_firmware/local/lib/python3.10/dist-packages/arduinobot_firmware
[1.621s] -- Up-to-date: /home/joho/Documents/RoboticsAndROS2-LearnByDoingManipulators/arduinobot_ws/install/arduinobot_firmware/local/lib/python3.10/dist-packages/arduinobot_firmware/__init__.py
[1.621s] -- Up-to-date: /home/joho/Documents/RoboticsAndROS2-LearnByDoingManipulators/arduinobot_ws/install/arduinobot_firmware/local/lib/python3.10/dist-packages/arduinobot_firmware/simple_serial_transmitter.py
[1.622s] -- Up-to-date: /home/joho/Documents/RoboticsAndROS2-LearnByDoingManipulators/arduinobot_ws/install/arduinobot_firmware/local/lib/python3.10/dist-packages/arduinobot_firmware/simple_serial_receiver.py
[1.816s] Listing '/home/joho/Documents/RoboticsAndROS2-LearnByDoingManipulators/arduinobot_ws/install/arduinobot_firmware/local/lib/python3.10/dist-packages/arduinobot_firmware'...
[1.865s] -- Up-to-date: /home/joho/Documents/RoboticsAndROS2-LearnByDoingManipulators/arduinobot_ws/install/arduinobot_firmware/lib/arduinobot_firmware/simple_serial_transmitter
[1.867s] -- Up-to-date: /home/joho/Documents/RoboticsAndROS2-LearnByDoingManipulators/arduinobot_ws/install/arduinobot_firmware/lib/arduinobot_firmware/simple_serial_receiver
[1.867s] -- Up-to-date: /home/joho/Documents/RoboticsAndROS2-LearnByDoingManipulators/arduinobot_ws/install/arduinobot_firmware/lib/arduinobot_firmware/simple_serial_transmitter.py
[1.867s] -- Up-to-date: /home/joho/Documents/RoboticsAndROS2-LearnByDoingManipulators/arduinobot_ws/install/arduinobot_firmware/lib/arduinobot_firmware/simple_serial_receiver.py
[1.868s] -- Up-to-date: /home/joho/Documents/RoboticsAndROS2-LearnByDoingManipulators/arduinobot_ws/install/arduinobot_firmware/share/ament_index/resource_index/package_run_dependencies/arduinobot_firmware
[1.868s] -- Up-to-date: /home/joho/Documents/RoboticsAndROS2-LearnByDoingManipulators/arduinobot_ws/install/arduinobot_firmware/share/ament_index/resource_index/parent_prefix_path/arduinobot_firmware
[1.868s] -- Up-to-date: /home/joho/Documents/RoboticsAndROS2-LearnByDoingManipulators/arduinobot_ws/install/arduinobot_firmware/share/arduinobot_firmware/environment/ament_prefix_path.sh
[1.872s] -- Up-to-date: /home/joho/Documents/RoboticsAndROS2-LearnByDoingManipulators/arduinobot_ws/install/arduinobot_firmware/share/arduinobot_firmware/environment/ament_prefix_path.dsv
[1.874s] -- Up-to-date: /home/joho/Documents/RoboticsAndROS2-LearnByDoingManipulators/arduinobot_ws/install/arduinobot_firmware/share/arduinobot_firmware/environment/path.sh
[1.874s] -- Up-to-date: /home/joho/Documents/RoboticsAndROS2-LearnByDoingManipulators/arduinobot_ws/install/arduinobot_firmware/share/arduinobot_firmware/environment/path.dsv
[1.874s] -- Up-to-date: /home/joho/Documents/RoboticsAndROS2-LearnByDoingManipulators/arduinobot_ws/install/arduinobot_firmware/share/arduinobot_firmware/local_setup.bash
[1.874s] -- Up-to-date: /home/joho/Documents/RoboticsAndROS2-LearnByDoingManipulators/arduinobot_ws/install/arduinobot_firmware/share/arduinobot_firmware/local_setup.sh
[1.875s] -- Up-to-date: /home/joho/Documents/RoboticsAndROS2-LearnByDoingManipulators/arduinobot_ws/install/arduinobot_firmware/share/arduinobot_firmware/local_setup.zsh
[1.875s] -- Up-to-date: /home/joho/Documents/RoboticsAndROS2-LearnByDoingManipulators/arduinobot_ws/install/arduinobot_firmware/share/arduinobot_firmware/local_setup.dsv
[1.875s] -- Installing: /home/joho/Documents/RoboticsAndROS2-LearnByDoingManipulators/arduinobot_ws/install/arduinobot_firmware/share/arduinobot_firmware/package.dsv
[1.875s] -- Up-to-date: /home/joho/Documents/RoboticsAndROS2-LearnByDoingManipulators/arduinobot_ws/install/arduinobot_firmware/share/ament_index/resource_index/packages/arduinobot_firmware
[1.876s] -- Up-to-date: /home/joho/Documents/RoboticsAndROS2-LearnByDoingManipulators/arduinobot_ws/install/arduinobot_firmware/share/arduinobot_firmware/cmake/arduinobot_firmwareConfig.cmake
[1.884s] -- Up-to-date: /home/joho/Documents/RoboticsAndROS2-LearnByDoingManipulators/arduinobot_ws/install/arduinobot_firmware/share/arduinobot_firmware/cmake/arduinobot_firmwareConfig-version.cmake
[1.885s] -- Up-to-date: /home/joho/Documents/RoboticsAndROS2-LearnByDoingManipulators/arduinobot_ws/install/arduinobot_firmware/share/arduinobot_firmware/package.xml
[2.867s] Invoked command in '/home/joho/Documents/RoboticsAndROS2-LearnByDoingManipulators/arduinobot_ws/build/arduinobot_firmware' returned '0': CMAKE_PREFIX_PATH=${CMAKE_PREFIX_PATH}:/home/joho/Documents/RoboticsAndROS2-LearnByDoingManipulators/arduinobot_ws/install/arduinobot_py_examples:/opt/ros/humble /usr/bin/cmake --install /home/joho/Documents/RoboticsAndROS2-LearnByDoingManipulators/arduinobot_ws/build/arduinobot_firmware
