[0.076s] Invoking command in '/home/joho/Documents/RoboticsAndROS2-LearnByDoingManipulators/arduinobot_ws/build/arduinobot_controller': CMAKE_PREFIX_PATH=${CMAKE_PREFIX_PATH}:/home/joho/Documents/RoboticsAndROS2-LearnByDoingManipulators/arduinobot_ws/install/arduinobot_py_examples:/opt/ros/humble /usr/bin/cmake --build /home/joho/Documents/RoboticsAndROS2-LearnByDoingManipulators/arduinobot_ws/build/arduinobot_controller -- -j4 -l4
[0.900s] Invoked command in '/home/joho/Documents/RoboticsAndROS2-LearnByDoingManipulators/arduinobot_ws/build/arduinobot_controller' returned '0': CMAKE_PREFIX_PATH=${CMAKE_PREFIX_PATH}:/home/joho/Documents/RoboticsAndROS2-LearnByDoingManipulators/arduinobot_ws/install/arduinobot_py_examples:/opt/ros/humble /usr/bin/cmake --build /home/joho/Documents/RoboticsAndROS2-LearnByDoingManipulators/arduinobot_ws/build/arduinobot_controller -- -j4 -l4
[0.905s] Invoking command in '/home/joho/Documents/RoboticsAndROS2-LearnByDoingManipulators/arduinobot_ws/build/arduinobot_controller': CMAKE_PREFIX_PATH=${CMAKE_PREFIX_PATH}:/home/joho/Documents/RoboticsAndROS2-LearnByDoingManipulators/arduinobot_ws/install/arduinobot_py_examples:/opt/ros/humble /usr/bin/cmake --install /home/joho/Documents/RoboticsAndROS2-LearnByDoingManipulators/arduinobot_ws/build/arduinobot_controller
[0.982s] -- Install configuration: ""
[0.982s] -- Up-to-date: /home/joho/Documents/RoboticsAndROS2-LearnByDoingManipulators/arduinobot_ws/install/arduinobot_controller/share/arduinobot_controller/config
[0.982s] -- Up-to-date: /home/joho/Documents/RoboticsAndROS2-LearnByDoingManipulators/arduinobot_ws/install/arduinobot_controller/share/arduinobot_controller/config/arduinobot_controllers.yaml
[0.983s] -- Up-to-date: /home/joho/Documents/RoboticsAndROS2-LearnByDoingManipulators/arduinobot_ws/install/arduinobot_controller/share/arduinobot_controller/launch
[0.983s] -- Installing: /home/joho/Documents/RoboticsAndROS2-LearnByDoingManipulators/arduinobot_ws/install/arduinobot_controller/share/arduinobot_controller/launch/controller.launch.py
[0.983s] -- Up-to-date: /home/joho/Documents/RoboticsAndROS2-LearnByDoingManipulators/arduinobot_ws/install/arduinobot_controller/share/ament_index/resource_index/package_run_dependencies/arduinobot_controller
[0.983s] -- Up-to-date: /home/joho/Documents/RoboticsAndROS2-LearnByDoingManipulators/arduinobot_ws/install/arduinobot_controller/share/ament_index/resource_index/parent_prefix_path/arduinobot_controller
[0.984s] -- Up-to-date: /home/joho/Documents/RoboticsAndROS2-LearnByDoingManipulators/arduinobot_ws/install/arduinobot_controller/share/arduinobot_controller/environment/ament_prefix_path.sh
[0.984s] -- Up-to-date: /home/joho/Documents/RoboticsAndROS2-LearnByDoingManipulators/arduinobot_ws/install/arduinobot_controller/share/arduinobot_controller/environment/ament_prefix_path.dsv
[0.984s] -- Up-to-date: /home/joho/Documents/RoboticsAndROS2-LearnByDoingManipulators/arduinobot_ws/install/arduinobot_controller/share/arduinobot_controller/environment/path.sh
[0.984s] -- Up-to-date: /home/joho/Documents/RoboticsAndROS2-LearnByDoingManipulators/arduinobot_ws/install/arduinobot_controller/share/arduinobot_controller/environment/path.dsv
[0.988s] -- Up-to-date: /home/joho/Documents/RoboticsAndROS2-LearnByDoingManipulators/arduinobot_ws/install/arduinobot_controller/share/arduinobot_controller/local_setup.bash
[0.988s] -- Up-to-date: /home/joho/Documents/RoboticsAndROS2-LearnByDoingManipulators/arduinobot_ws/install/arduinobot_controller/share/arduinobot_controller/local_setup.sh
[0.989s] -- Up-to-date: /home/joho/Documents/RoboticsAndROS2-LearnByDoingManipulators/arduinobot_ws/install/arduinobot_controller/share/arduinobot_controller/local_setup.zsh
[0.989s] -- Up-to-date: /home/joho/Documents/RoboticsAndROS2-LearnByDoingManipulators/arduinobot_ws/install/arduinobot_controller/share/arduinobot_controller/local_setup.dsv
[0.989s] -- Installing: /home/joho/Documents/RoboticsAndROS2-LearnByDoingManipulators/arduinobot_ws/install/arduinobot_controller/share/arduinobot_controller/package.dsv
[0.989s] -- Up-to-date: /home/joho/Documents/RoboticsAndROS2-LearnByDoingManipulators/arduinobot_ws/install/arduinobot_controller/share/ament_index/resource_index/packages/arduinobot_controller
[0.990s] -- Up-to-date: /home/joho/Documents/RoboticsAndROS2-LearnByDoingManipulators/arduinobot_ws/install/arduinobot_controller/share/arduinobot_controller/cmake/arduinobot_controllerConfig.cmake
[0.990s] -- Up-to-date: /home/joho/Documents/RoboticsAndROS2-LearnByDoingManipulators/arduinobot_ws/install/arduinobot_controller/share/arduinobot_controller/cmake/arduinobot_controllerConfig-version.cmake
[0.990s] -- Up-to-date: /home/joho/Documents/RoboticsAndROS2-LearnByDoingManipulators/arduinobot_ws/install/arduinobot_controller/share/arduinobot_controller/package.xml
[1.128s] Invoked command in '/home/joho/Documents/RoboticsAndROS2-LearnByDoingManipulators/arduinobot_ws/build/arduinobot_controller' returned '0': CMAKE_PREFIX_PATH=${CMAKE_PREFIX_PATH}:/home/joho/Documents/RoboticsAndROS2-LearnByDoingManipulators/arduinobot_ws/install/arduinobot_py_examples:/opt/ros/humble /usr/bin/cmake --install /home/joho/Documents/RoboticsAndROS2-LearnByDoingManipulators/arduinobot_ws/build/arduinobot_controller
